{"/home/travis/build/npmtest/node-npmtest-mustbe/test.js":{"path":"/home/travis/build/npmtest/node-npmtest-mustbe/test.js","s":{"1":2,"2":2,"3":2,"4":2,"5":2,"6":2,"7":2,"8":1,"9":2,"10":2,"11":1,"12":1,"13":1,"14":1,"15":2,"16":2,"17":2,"18":2,"19":1,"20":1,"21":2,"22":2,"23":2,"24":1,"25":1,"26":1,"27":1,"28":1,"29":1,"30":1,"31":1,"32":1,"33":1,"34":1,"35":1,"36":1,"37":1,"38":1,"39":2,"40":2,"41":1,"42":2,"43":2,"44":1,"45":2,"46":2,"47":1,"48":2,"49":2,"50":1,"51":1,"52":1,"53":1,"54":1},"b":{"1":[2,1,1,1],"2":[1,1,1,1],"3":[1,1],"4":[1,1],"5":[1,1],"6":[1,1],"7":[1,1],"8":[1,1],"9":[1,1],"10":[1,1,1],"11":[1,1],"12":[1,1],"13":[1,1],"14":[1,1],"15":[1,1],"16":[1,1],"17":[1,1]},"f":{"1":2,"2":2,"3":2,"4":2,"5":2,"6":1,"7":1,"8":1,"9":2,"10":2,"11":2,"12":2,"13":1},"fnMap":{"1":{"name":"(anonymous_1)","line":12,"loc":{"start":{"line":12,"column":1},"end":{"line":12,"column":13}}},"2":{"name":"(anonymous_2)","line":19,"loc":{"start":{"line":19,"column":5},"end":{"line":19,"column":17}}},"3":{"name":"(anonymous_3)","line":23,"loc":{"start":{"line":23,"column":24},"end":{"line":23,"column":36}}},"4":{"name":"(anonymous_4)","line":61,"loc":{"start":{"line":61,"column":5},"end":{"line":61,"column":17}}},"5":{"name":"(anonymous_5)","line":82,"loc":{"start":{"line":82,"column":5},"end":{"line":82,"column":17}}},"6":{"name":"(anonymous_6)","line":91,"loc":{"start":{"line":91,"column":77},"end":{"line":94,"column":10}}},"7":{"name":"(anonymous_7)","line":112,"loc":{"start":{"line":112,"column":83},"end":{"line":115,"column":10}},"skip":true},"8":{"name":"(anonymous_8)","line":123,"loc":{"start":{"line":123,"column":77},"end":{"line":126,"column":10}},"skip":true},"9":{"name":"(anonymous_9)","line":139,"loc":{"start":{"line":139,"column":12},"end":{"line":139,"column":40}},"skip":true},"10":{"name":"(anonymous_10)","line":147,"loc":{"start":{"line":147,"column":77},"end":{"line":150,"column":10}},"skip":true},"11":{"name":"(anonymous_11)","line":158,"loc":{"start":{"line":158,"column":83},"end":{"line":161,"column":10}},"skip":true},"12":{"name":"(anonymous_12)","line":169,"loc":{"start":{"line":169,"column":79},"end":{"line":172,"column":10}},"skip":true},"13":{"name":"(anonymous_13)","line":180,"loc":{"start":{"line":180,"column":75},"end":{"line":183,"column":10}},"skip":true}},"statementMap":{"1":{"start":{"line":12,"column":0},"end":{"line":195,"column":5}},"2":{"start":{"line":14,"column":4},"end":{"line":14,"column":14}},"3":{"start":{"line":19,"column":4},"end":{"line":56,"column":9}},"4":{"start":{"line":21,"column":8},"end":{"line":21,"column":19}},"5":{"start":{"line":23,"column":8},"end":{"line":35,"column":13}},"6":{"start":{"line":24,"column":12},"end":{"line":34,"column":13}},"7":{"start":{"line":25,"column":16},"end":{"line":28,"column":30}},"8":{"start":{"line":30,"column":16},"end":{"line":33,"column":27}},"9":{"start":{"line":37,"column":8},"end":{"line":39,"column":21}},"10":{"start":{"line":40,"column":8},"end":{"line":53,"column":9}},"11":{"start":{"line":43,"column":12},"end":{"line":46,"column":14}},"12":{"start":{"line":47,"column":12},"end":{"line":47,"column":18}},"13":{"start":{"line":50,"column":12},"end":{"line":51,"column":33}},"14":{"start":{"line":52,"column":12},"end":{"line":52,"column":18}},"15":{"start":{"line":55,"column":8},"end":{"line":55,"column":35}},"16":{"start":{"line":61,"column":4},"end":{"line":63,"column":9}},"17":{"start":{"line":62,"column":8},"end":{"line":62,"column":15}},"18":{"start":{"line":64,"column":4},"end":{"line":77,"column":5}},"19":{"start":{"line":70,"column":8},"end":{"line":70,"column":14}},"20":{"start":{"line":76,"column":8},"end":{"line":76,"column":14}},"21":{"start":{"line":82,"column":4},"end":{"line":84,"column":9}},"22":{"start":{"line":83,"column":8},"end":{"line":83,"column":15}},"23":{"start":{"line":85,"column":4},"end":{"line":194,"column":5}},"24":{"start":{"line":91,"column":8},"end":{"line":99,"column":10}},"25":{"start":{"line":98,"column":12},"end":{"line":98,"column":35}},"26":{"start":{"line":102,"column":8},"end":{"line":104,"column":63}},"27":{"start":{"line":105,"column":8},"end":{"line":105,"column":14}},"28":{"start":{"line":112,"column":8},"end":{"line":121,"column":10},"skip":true},"29":{"start":{"line":119,"column":12},"end":{"line":119,"column":55},"skip":true},"30":{"start":{"line":120,"column":12},"end":{"line":120,"column":48},"skip":true},"31":{"start":{"line":123,"column":8},"end":{"line":136,"column":10},"skip":true},"32":{"start":{"line":130,"column":12},"end":{"line":130,"column":76},"skip":true},"33":{"start":{"line":131,"column":12},"end":{"line":131,"column":73},"skip":true},"34":{"start":{"line":132,"column":12},"end":{"line":132,"column":74},"skip":true},"35":{"start":{"line":133,"column":12},"end":{"line":133,"column":79},"skip":true},"36":{"start":{"line":134,"column":12},"end":{"line":134,"column":25},"skip":true},"37":{"start":{"line":135,"column":12},"end":{"line":135,"column":45},"skip":true},"38":{"start":{"line":138,"column":8},"end":{"line":145,"column":14},"skip":true},"39":{"start":{"line":143,"column":16},"end":{"line":143,"column":29},"skip":true},"40":{"start":{"line":144,"column":16},"end":{"line":144,"column":55},"skip":true},"41":{"start":{"line":147,"column":8},"end":{"line":156,"column":10},"skip":true},"42":{"start":{"line":154,"column":12},"end":{"line":154,"column":25},"skip":true},"43":{"start":{"line":155,"column":12},"end":{"line":155,"column":45},"skip":true},"44":{"start":{"line":158,"column":8},"end":{"line":167,"column":10},"skip":true},"45":{"start":{"line":165,"column":12},"end":{"line":165,"column":25},"skip":true},"46":{"start":{"line":166,"column":12},"end":{"line":166,"column":48},"skip":true},"47":{"start":{"line":169,"column":8},"end":{"line":178,"column":10},"skip":true},"48":{"start":{"line":176,"column":12},"end":{"line":176,"column":25},"skip":true},"49":{"start":{"line":177,"column":12},"end":{"line":177,"column":46},"skip":true},"50":{"start":{"line":180,"column":8},"end":{"line":189,"column":10},"skip":true},"51":{"start":{"line":187,"column":12},"end":{"line":187,"column":94},"skip":true},"52":{"start":{"line":188,"column":12},"end":{"line":188,"column":48},"skip":true},"53":{"start":{"line":192,"column":8},"end":{"line":192,"column":35},"skip":true},"54":{"start":{"line":193,"column":8},"end":{"line":193,"column":14},"skip":true}},"branchMap":{"1":{"line":25,"type":"binary-expr","locations":[{"start":{"line":25,"column":23},"end":{"line":25,"column":62}},{"start":{"line":26,"column":20},"end":{"line":26,"column":70}},{"start":{"line":27,"column":20},"end":{"line":27,"column":71}},{"start":{"line":28,"column":20},"end":{"line":28,"column":29}}]},"2":{"line":30,"type":"binary-expr","locations":[{"start":{"line":30,"column":23},"end":{"line":30,"column":37}},{"start":{"line":31,"column":20},"end":{"line":31,"column":61}},{"start":{"line":32,"column":20},"end":{"line":32,"column":70}},{"start":{"line":33,"column":20},"end":{"line":33,"column":26}}]},"3":{"line":37,"type":"cond-expr","locations":[{"start":{"line":38,"column":14},"end":{"line":38,"column":20}},{"start":{"line":39,"column":14},"end":{"line":39,"column":20}}]},"4":{"line":40,"type":"switch","locations":[{"start":{"line":42,"column":8},"end":{"line":47,"column":18}},{"start":{"line":49,"column":8},"end":{"line":52,"column":18}}]},"5":{"line":44,"type":"binary-expr","locations":[{"start":{"line":44,"column":16},"end":{"line":44,"column":44}},{"start":{"line":44,"column":48},"end":{"line":44,"column":66}}]},"6":{"line":50,"type":"binary-expr","locations":[{"start":{"line":50,"column":21},"end":{"line":50,"column":49}},{"start":{"line":50,"column":53},"end":{"line":50,"column":72}}]},"7":{"line":64,"type":"switch","locations":[{"start":{"line":69,"column":4},"end":{"line":70,"column":14}},{"start":{"line":75,"column":4},"end":{"line":76,"column":14}}]},"8":{"line":85,"type":"switch","locations":[{"start":{"line":90,"column":4},"end":{"line":105,"column":14}},{"start":{"line":111,"column":4},"end":{"line":193,"column":14},"skip":true}]},"9":{"line":91,"type":"binary-expr","locations":[{"start":{"line":91,"column":42},"end":{"line":91,"column":73}},{"start":{"line":91,"column":77},"end":{"line":99,"column":9}}]},"10":{"line":102,"type":"binary-expr","locations":[{"start":{"line":102,"column":18},"end":{"line":102,"column":32}},{"start":{"line":103,"column":12},"end":{"line":103,"column":53}},{"start":{"line":104,"column":12},"end":{"line":104,"column":61}}]},"11":{"line":112,"type":"binary-expr","locations":[{"start":{"line":112,"column":45},"end":{"line":112,"column":79},"skip":true},{"start":{"line":112,"column":83},"end":{"line":121,"column":9},"skip":true}]},"12":{"line":123,"type":"binary-expr","locations":[{"start":{"line":123,"column":42},"end":{"line":123,"column":73},"skip":true},{"start":{"line":123,"column":77},"end":{"line":136,"column":9},"skip":true}]},"13":{"line":138,"type":"binary-expr","locations":[{"start":{"line":138,"column":48},"end":{"line":138,"column":85},"skip":true},{"start":{"line":139,"column":12},"end":{"line":145,"column":13},"skip":true}]},"14":{"line":147,"type":"binary-expr","locations":[{"start":{"line":147,"column":42},"end":{"line":147,"column":73},"skip":true},{"start":{"line":147,"column":77},"end":{"line":156,"column":9},"skip":true}]},"15":{"line":158,"type":"binary-expr","locations":[{"start":{"line":158,"column":45},"end":{"line":158,"column":79},"skip":true},{"start":{"line":158,"column":83},"end":{"line":167,"column":9},"skip":true}]},"16":{"line":169,"type":"binary-expr","locations":[{"start":{"line":169,"column":43},"end":{"line":169,"column":75},"skip":true},{"start":{"line":169,"column":79},"end":{"line":178,"column":9},"skip":true}]},"17":{"line":180,"type":"binary-expr","locations":[{"start":{"line":180,"column":41},"end":{"line":180,"column":71},"skip":true},{"start":{"line":180,"column":75},"end":{"line":189,"column":9},"skip":true}]}},"code":["/* istanbul instrument in package npmtest_mustbe */","/*jslint","    bitwise: true,","    browser: true,","    maxerr: 8,","    maxlen: 96,","    node: true,","    nomen: true,","    regexp: true,","    stupid: true","*/","(function () {","    'use strict';","    var local;","","","","    // run shared js-env code - pre-init","    (function () {","        // init local","        local = {};","        // init modeJs","        local.modeJs = (function () {","            try {","                return typeof navigator.userAgent === 'string' &&","                    typeof document.querySelector('body') === 'object' &&","                    typeof XMLHttpRequest.prototype.open === 'function' &&","                    'browser';","            } catch (errorCaughtBrowser) {","                return module.exports &&","                    typeof process.versions.node === 'string' &&","                    typeof require('http').createServer === 'function' &&","                    'node';","            }","        }());","        // init global","        local.global = local.modeJs === 'browser'","            ? window","            : global;","        switch (local.modeJs) {","        // re-init local from window.local","        case 'browser':","            local = local.global.utility2.objectSetDefault(","                local.global.utility2_rollup || local.global.local,","                local.global.utility2","            );","            break;","        // re-init local from example.js","        case 'node':","            local = (local.global.utility2_rollup || require('utility2'))","                .requireReadme();","            break;","        }","        // export local","        local.global.local = local;","    }());","","","","    // run shared js-env code - function","    (function () {","        return;","    }());","    switch (local.modeJs) {","","","","    // run browser js-env code - function","    case 'browser':","        break;","","","","    // run node js-env code - function","    case 'node':","        break;","    }","","","","    // run shared js-env code - post-init","    (function () {","        return;","    }());","    switch (local.modeJs) {","","","","    // run browser js-env code - post-init","    case 'browser':","        local.testCase_browser_nullCase = local.testCase_browser_nullCase || function (","            options,","            onError","        ) {","        /*","         * this function will test browsers's null-case handling-behavior-behavior","         */","            onError(null, options);","        };","","        // run tests","        local.nop(local.modeTest &&","            document.querySelector('#testRunButton1') &&","            document.querySelector('#testRunButton1').click());","        break;","","","","    // run node js-env code - post-init","    /* istanbul ignore next */","    case 'node':","        local.testCase_buildApidoc_default = local.testCase_buildApidoc_default || function (","            options,","            onError","        ) {","        /*","         * this function will test buildApidoc's default handling-behavior-behavior","         */","            options = { modulePathList: module.paths };","            local.buildApidoc(options, onError);","        };","","        local.testCase_buildApp_default = local.testCase_buildApp_default || function (","            options,","            onError","        ) {","        /*","         * this function will test buildApp's default handling-behavior-behavior","         */","            local.testCase_buildReadme_default(options, local.onErrorThrow);","            local.testCase_buildLib_default(options, local.onErrorThrow);","            local.testCase_buildTest_default(options, local.onErrorThrow);","            local.testCase_buildCustomOrg_default(options, local.onErrorThrow);","            options = [];","            local.buildApp(options, onError);","        };","","        local.testCase_buildCustomOrg_default = local.testCase_buildCustomOrg_default ||","            function (options, onError) {","            /*","             * this function will test buildCustomOrg's default handling-behavior","             */","                options = {};","                local.buildCustomOrg(options, onError);","            };","","        local.testCase_buildLib_default = local.testCase_buildLib_default || function (","            options,","            onError","        ) {","        /*","         * this function will test buildLib's default handling-behavior","         */","            options = {};","            local.buildLib(options, onError);","        };","","        local.testCase_buildReadme_default = local.testCase_buildReadme_default || function (","            options,","            onError","        ) {","        /*","         * this function will test buildReadme's default handling-behavior-behavior","         */","            options = {};","            local.buildReadme(options, onError);","        };","","        local.testCase_buildTest_default = local.testCase_buildTest_default || function (","            options,","            onError","        ) {","        /*","         * this function will test buildTest's default handling-behavior","         */","            options = {};","            local.buildTest(options, onError);","        };","","        local.testCase_webpage_default = local.testCase_webpage_default || function (","            options,","            onError","        ) {","        /*","         * this function will test webpage's default handling-behavior","         */","            options = { modeCoverageMerge: true, url: local.serverLocalHost + '?modeTest=1' };","            local.browserTest(options, onError);","        };","","        // run test-server","        local.testRunServer(local);","        break;","    }","}());",""],"l":{"12":2,"14":2,"19":2,"21":2,"23":2,"24":2,"25":2,"30":1,"37":2,"40":2,"43":1,"47":1,"50":1,"52":1,"55":2,"61":2,"62":2,"64":2,"70":1,"76":1,"82":2,"83":2,"85":2,"91":1,"98":1,"102":1,"105":1,"112":1,"119":1,"120":1,"123":1,"130":1,"131":1,"132":1,"133":1,"134":1,"135":1,"138":1,"143":2,"144":2,"147":1,"154":2,"155":2,"158":1,"165":2,"166":2,"169":1,"176":2,"177":2,"180":1,"187":1,"188":1,"192":1,"193":1}},"/home/travis/build/npmtest/node-npmtest-mustbe/lib.npmtest_mustbe.js":{"path":"/home/travis/build/npmtest/node-npmtest-mustbe/lib.npmtest_mustbe.js","s":{"1":2,"2":2,"3":2,"4":2,"5":2,"6":2,"7":2,"8":1,"9":2,"10":2,"11":2,"12":2,"13":1,"14":1,"15":1,"16":1},"b":{"1":[2,1,1,1],"2":[1,1,1,1],"3":[1,1],"4":[2,2],"5":[1,1]},"f":{"1":2,"2":2,"3":2},"fnMap":{"1":{"name":"(anonymous_1)","line":12,"loc":{"start":{"line":12,"column":1},"end":{"line":12,"column":13}}},"2":{"name":"(anonymous_2)","line":19,"loc":{"start":{"line":19,"column":5},"end":{"line":19,"column":17}}},"3":{"name":"(anonymous_3)","line":23,"loc":{"start":{"line":23,"column":24},"end":{"line":23,"column":36}}}},"statementMap":{"1":{"start":{"line":12,"column":0},"end":{"line":53,"column":5}},"2":{"start":{"line":14,"column":4},"end":{"line":14,"column":14}},"3":{"start":{"line":19,"column":4},"end":{"line":52,"column":9}},"4":{"start":{"line":21,"column":8},"end":{"line":21,"column":19}},"5":{"start":{"line":23,"column":8},"end":{"line":35,"column":13}},"6":{"start":{"line":24,"column":12},"end":{"line":34,"column":13}},"7":{"start":{"line":25,"column":16},"end":{"line":28,"column":30}},"8":{"start":{"line":30,"column":16},"end":{"line":33,"column":27}},"9":{"start":{"line":37,"column":8},"end":{"line":39,"column":21}},"10":{"start":{"line":41,"column":8},"end":{"line":41,"column":54}},"11":{"start":{"line":43,"column":8},"end":{"line":43,"column":51}},"12":{"start":{"line":45,"column":8},"end":{"line":51,"column":9}},"13":{"start":{"line":46,"column":12},"end":{"line":46,"column":57}},"14":{"start":{"line":48,"column":12},"end":{"line":48,"column":35}},"15":{"start":{"line":49,"column":12},"end":{"line":49,"column":49}},"16":{"start":{"line":50,"column":12},"end":{"line":50,"column":43}}},"branchMap":{"1":{"line":25,"type":"binary-expr","locations":[{"start":{"line":25,"column":23},"end":{"line":25,"column":62}},{"start":{"line":26,"column":20},"end":{"line":26,"column":70}},{"start":{"line":27,"column":20},"end":{"line":27,"column":71}},{"start":{"line":28,"column":20},"end":{"line":28,"column":29}}]},"2":{"line":30,"type":"binary-expr","locations":[{"start":{"line":30,"column":23},"end":{"line":30,"column":37}},{"start":{"line":31,"column":20},"end":{"line":31,"column":61}},{"start":{"line":32,"column":20},"end":{"line":32,"column":70}},{"start":{"line":33,"column":20},"end":{"line":33,"column":26}}]},"3":{"line":37,"type":"cond-expr","locations":[{"start":{"line":38,"column":14},"end":{"line":38,"column":20}},{"start":{"line":39,"column":14},"end":{"line":39,"column":20}}]},"4":{"line":41,"type":"binary-expr","locations":[{"start":{"line":41,"column":16},"end":{"line":41,"column":44}},{"start":{"line":41,"column":48},"end":{"line":41,"column":53}}]},"5":{"line":45,"type":"if","locations":[{"start":{"line":45,"column":8},"end":{"line":45,"column":8}},{"start":{"line":45,"column":8},"end":{"line":45,"column":8}}]}},"code":["/* istanbul instrument in package npmtest_mustbe */","/*jslint","    bitwise: true,","    browser: true,","    maxerr: 8,","    maxlen: 96,","    node: true,","    nomen: true,","    regexp: true,","    stupid: true","*/","(function () {","    'use strict';","    var local;","","","","    // run shared js-env code - pre-init","    (function () {","        // init local","        local = {};","        // init modeJs","        local.modeJs = (function () {","            try {","                return typeof navigator.userAgent === 'string' &&","                    typeof document.querySelector('body') === 'object' &&","                    typeof XMLHttpRequest.prototype.open === 'function' &&","                    'browser';","            } catch (errorCaughtBrowser) {","                return module.exports &&","                    typeof process.versions.node === 'string' &&","                    typeof require('http').createServer === 'function' &&","                    'node';","            }","        }());","        // init global","        local.global = local.modeJs === 'browser'","            ? window","            : global;","        // init utility2_rollup","        local = local.global.utility2_rollup || local;","        // init lib","        local.local = local.npmtest_mustbe = local;","        // init exports","        if (local.modeJs === 'browser') {","            local.global.utility2_npmtest_mustbe = local;","        } else {","            module.exports = local;","            module.exports.__dirname = __dirname;","            module.exports.module = module;","        }","    }());","}());",""],"l":{"12":2,"14":2,"19":2,"21":2,"23":2,"24":2,"25":2,"30":1,"37":2,"41":2,"43":2,"45":2,"46":1,"48":1,"49":1,"50":1}},"/home/travis/build/npmtest/node-npmtest-mustbe/example.js":{"path":"/home/travis/build/npmtest/node-npmtest-mustbe/example.js","s":{"1":2,"2":2,"3":2,"4":2,"5":2,"6":2,"7":2,"8":1,"9":2,"10":2,"11":2,"12":2,"13":1,"14":2,"15":2,"16":2,"17":2,"18":2,"19":0,"20":2,"21":1,"22":1,"23":1,"24":1,"25":1,"26":0,"27":0,"28":1,"29":1,"30":2,"31":0,"32":0,"33":0,"34":1,"35":2,"36":2,"37":3,"38":3,"39":3,"40":3,"41":0,"42":3,"43":3,"44":3,"45":1,"46":3,"47":1,"48":1,"49":1,"50":1,"51":1,"52":1,"53":1,"54":1,"55":1,"56":1,"57":0,"58":1,"59":6,"60":6,"61":1,"62":2,"63":0,"64":2,"65":1,"66":1,"67":0,"68":0,"69":0,"70":0,"71":0,"72":0,"73":0,"74":0,"75":0,"76":0,"77":0,"78":0,"79":0,"80":0,"81":0,"82":0,"83":0},"b":{"1":[2,1,1,1],"2":[1,1,1,1],"3":[1,1],"4":[2,2],"5":[1,1],"6":[1,1],"7":[2,0],"8":[2,1,1,1,1,1],"9":[0,2,0],"10":[1,1],"11":[2,1,1],"12":[1,0],"13":[0,2],"14":[2,0,0,0,0,0,0],"15":[0,3],"16":[3,0],"17":[1,1],"18":[0,1],"19":[1,2,0,2],"20":[1,0],"21":[1,1],"22":[0,0],"23":[0,0],"24":[0,0],"25":[0,0],"26":[0,0],"27":[0,0],"28":[0,0]},"f":{"1":2,"2":2,"3":2,"4":2,"5":2,"6":2,"7":3,"8":3,"9":3,"10":1,"11":6,"12":0},"fnMap":{"1":{"name":"(anonymous_1)","line":26,"loc":{"start":{"line":26,"column":1},"end":{"line":26,"column":13}}},"2":{"name":"(anonymous_2)","line":33,"loc":{"start":{"line":33,"column":5},"end":{"line":33,"column":17}}},"3":{"name":"(anonymous_3)","line":37,"loc":{"start":{"line":37,"column":24},"end":{"line":37,"column":36}}},"4":{"name":"(anonymous_4)","line":69,"loc":{"start":{"line":69,"column":31},"end":{"line":69,"column":48}},"skip":true},"5":{"name":"(anonymous_5)","line":78,"loc":{"start":{"line":78,"column":26},"end":{"line":78,"column":45}},"skip":true},"6":{"name":"(anonymous_6)","line":123,"loc":{"start":{"line":123,"column":33},"end":{"line":123,"column":48}},"skip":true},"7":{"name":"(anonymous_7)","line":125,"loc":{"start":{"line":125,"column":27},"end":{"line":125,"column":39}},"skip":true},"8":{"name":"(anonymous_8)","line":133,"loc":{"start":{"line":133,"column":59},"end":{"line":133,"column":74}},"skip":true},"9":{"name":"(anonymous_9)","line":143,"loc":{"start":{"line":143,"column":45},"end":{"line":143,"column":62}},"skip":true},"10":{"name":"(anonymous_10)","line":144,"loc":{"start":{"line":144,"column":73},"end":{"line":144,"column":92}},"skip":true},"11":{"name":"(anonymous_11)","line":272,"loc":{"start":{"line":272,"column":51},"end":{"line":272,"column":77}},"skip":true},"12":{"name":"(anonymous_12)","line":315,"loc":{"start":{"line":315,"column":32},"end":{"line":315,"column":61}},"skip":true}},"statementMap":{"1":{"start":{"line":26,"column":0},"end":{"line":326,"column":5}},"2":{"start":{"line":28,"column":4},"end":{"line":28,"column":14}},"3":{"start":{"line":33,"column":4},"end":{"line":60,"column":9}},"4":{"start":{"line":35,"column":8},"end":{"line":35,"column":19}},"5":{"start":{"line":37,"column":8},"end":{"line":49,"column":13}},"6":{"start":{"line":38,"column":12},"end":{"line":48,"column":13}},"7":{"start":{"line":39,"column":16},"end":{"line":42,"column":30}},"8":{"start":{"line":44,"column":16},"end":{"line":47,"column":27}},"9":{"start":{"line":51,"column":8},"end":{"line":53,"column":21}},"10":{"start":{"line":55,"column":8},"end":{"line":57,"column":45}},"11":{"start":{"line":59,"column":8},"end":{"line":59,"column":35}},"12":{"start":{"line":61,"column":4},"end":{"line":325,"column":5}},"13":{"start":{"line":69,"column":8},"end":{"line":121,"column":10},"skip":true},"14":{"start":{"line":70,"column":12},"end":{"line":88,"column":13},"skip":true},"15":{"start":{"line":76,"column":16},"end":{"line":87,"column":19},"skip":true},"16":{"start":{"line":79,"column":20},"end":{"line":86,"column":21},"skip":true},"17":{"start":{"line":82,"column":24},"end":{"line":82,"column":43},"skip":true},"18":{"start":{"line":83,"column":24},"end":{"line":83,"column":30},"skip":true},"19":{"start":{"line":85,"column":24},"end":{"line":85,"column":49},"skip":true},"20":{"start":{"line":89,"column":12},"end":{"line":107,"column":13},"skip":true},"21":{"start":{"line":92,"column":16},"end":{"line":102,"column":17},"skip":true},"22":{"start":{"line":93,"column":20},"end":{"line":93,"column":86},"skip":true},"23":{"start":{"line":94,"column":20},"end":{"line":95,"column":45},"skip":true},"24":{"start":{"line":96,"column":20},"end":{"line":96,"column":42},"skip":true},"25":{"start":{"line":97,"column":20},"end":{"line":97,"column":48},"skip":true},"26":{"start":{"line":100,"column":20},"end":{"line":100,"column":85},"skip":true},"27":{"start":{"line":101,"column":20},"end":{"line":101,"column":96},"skip":true},"28":{"start":{"line":103,"column":16},"end":{"line":103,"column":22},"skip":true},"29":{"start":{"line":106,"column":16},"end":{"line":106,"column":22},"skip":true},"30":{"start":{"line":108,"column":12},"end":{"line":120,"column":13},"skip":true},"31":{"start":{"line":114,"column":16},"end":{"line":119,"column":17},"skip":true},"32":{"start":{"line":116,"column":20},"end":{"line":116,"column":78},"skip":true},"33":{"start":{"line":118,"column":20},"end":{"line":118,"column":47},"skip":true},"34":{"start":{"line":123,"column":8},"end":{"line":141,"column":11},"skip":true},"35":{"start":{"line":124,"column":12},"end":{"line":124,"column":54},"skip":true},"36":{"start":{"line":125,"column":12},"end":{"line":140,"column":14},"skip":true},"37":{"start":{"line":126,"column":16},"end":{"line":126,"column":28},"skip":true},"38":{"start":{"line":127,"column":16},"end":{"line":127,"column":69},"skip":true},"39":{"start":{"line":128,"column":16},"end":{"line":128,"column":75},"skip":true},"40":{"start":{"line":129,"column":16},"end":{"line":131,"column":17},"skip":true},"41":{"start":{"line":130,"column":20},"end":{"line":130,"column":27},"skip":true},"42":{"start":{"line":133,"column":16},"end":{"line":137,"column":36},"skip":true},"43":{"start":{"line":134,"column":20},"end":{"line":136,"column":55},"skip":true},"44":{"start":{"line":139,"column":16},"end":{"line":139,"column":57},"skip":true},"45":{"start":{"line":143,"column":8},"end":{"line":147,"column":11},"skip":true},"46":{"start":{"line":144,"column":12},"end":{"line":146,"column":15},"skip":true},"47":{"start":{"line":145,"column":16},"end":{"line":145,"column":70},"skip":true},"48":{"start":{"line":149,"column":8},"end":{"line":149,"column":31},"skip":true},"49":{"start":{"line":150,"column":8},"end":{"line":150,"column":14},"skip":true},"50":{"start":{"line":158,"column":8},"end":{"line":158,"column":31},"skip":true},"51":{"start":{"line":160,"column":8},"end":{"line":160,"column":33},"skip":true},"52":{"start":{"line":161,"column":8},"end":{"line":161,"column":37},"skip":true},"53":{"start":{"line":162,"column":8},"end":{"line":162,"column":35},"skip":true},"54":{"start":{"line":164,"column":8},"end":{"line":164,"column":50},"skip":true},"55":{"start":{"line":166,"column":8},"end":{"line":256,"column":2},"skip":true},"56":{"start":{"line":258,"column":8},"end":{"line":286,"column":9},"skip":true},"57":{"start":{"line":259,"column":12},"end":{"line":269,"column":14},"skip":true},"58":{"start":{"line":271,"column":12},"end":{"line":285,"column":19},"skip":true},"59":{"start":{"line":274,"column":20},"end":{"line":274,"column":35},"skip":true},"60":{"start":{"line":275,"column":20},"end":{"line":284,"column":21},"skip":true},"61":{"start":{"line":277,"column":24},"end":{"line":277,"column":64},"skip":true},"62":{"start":{"line":279,"column":24},"end":{"line":279,"column":40},"skip":true},"63":{"start":{"line":281,"column":24},"end":{"line":281,"column":40},"skip":true},"64":{"start":{"line":283,"column":24},"end":{"line":283,"column":39},"skip":true},"65":{"start":{"line":288,"column":8},"end":{"line":290,"column":9},"skip":true},"66":{"start":{"line":289,"column":12},"end":{"line":289,"column":18},"skip":true},"67":{"start":{"line":291,"column":8},"end":{"line":293,"column":54},"skip":true},"68":{"start":{"line":296,"column":8},"end":{"line":301,"column":37},"skip":true},"69":{"start":{"line":303,"column":8},"end":{"line":303,"column":82},"skip":true},"70":{"start":{"line":306,"column":8},"end":{"line":308,"column":9},"skip":true},"71":{"start":{"line":307,"column":12},"end":{"line":307,"column":82},"skip":true},"72":{"start":{"line":310,"column":8},"end":{"line":312,"column":9},"skip":true},"73":{"start":{"line":311,"column":12},"end":{"line":311,"column":18},"skip":true},"74":{"start":{"line":313,"column":8},"end":{"line":313,"column":54},"skip":true},"75":{"start":{"line":314,"column":8},"end":{"line":314,"column":69},"skip":true},"76":{"start":{"line":315,"column":8},"end":{"line":323,"column":36},"skip":true},"77":{"start":{"line":316,"column":12},"end":{"line":316,"column":61},"skip":true},"78":{"start":{"line":317,"column":12},"end":{"line":320,"column":13},"skip":true},"79":{"start":{"line":318,"column":16},"end":{"line":318,"column":75},"skip":true},"80":{"start":{"line":319,"column":16},"end":{"line":319,"column":23},"skip":true},"81":{"start":{"line":321,"column":12},"end":{"line":321,"column":38},"skip":true},"82":{"start":{"line":322,"column":12},"end":{"line":322,"column":27},"skip":true},"83":{"start":{"line":324,"column":8},"end":{"line":324,"column":14},"skip":true}},"branchMap":{"1":{"line":39,"type":"binary-expr","locations":[{"start":{"line":39,"column":23},"end":{"line":39,"column":62}},{"start":{"line":40,"column":20},"end":{"line":40,"column":70}},{"start":{"line":41,"column":20},"end":{"line":41,"column":71}},{"start":{"line":42,"column":20},"end":{"line":42,"column":29}}]},"2":{"line":44,"type":"binary-expr","locations":[{"start":{"line":44,"column":23},"end":{"line":44,"column":37}},{"start":{"line":45,"column":20},"end":{"line":45,"column":61}},{"start":{"line":46,"column":20},"end":{"line":46,"column":70}},{"start":{"line":47,"column":20},"end":{"line":47,"column":26}}]},"3":{"line":51,"type":"cond-expr","locations":[{"start":{"line":52,"column":14},"end":{"line":52,"column":20}},{"start":{"line":53,"column":14},"end":{"line":53,"column":20}}]},"4":{"line":55,"type":"binary-expr","locations":[{"start":{"line":55,"column":16},"end":{"line":55,"column":44}},{"start":{"line":55,"column":49},"end":{"line":57,"column":43}}]},"5":{"line":55,"type":"cond-expr","locations":[{"start":{"line":56,"column":14},"end":{"line":56,"column":50}},{"start":{"line":57,"column":14},"end":{"line":57,"column":43}}]},"6":{"line":61,"type":"switch","locations":[{"start":{"line":68,"column":4},"end":{"line":150,"column":14},"skip":true},{"start":{"line":156,"column":4},"end":{"line":324,"column":14},"skip":true}]},"7":{"line":70,"type":"if","locations":[{"start":{"line":70,"column":12},"end":{"line":70,"column":12},"skip":true},{"start":{"line":70,"column":12},"end":{"line":70,"column":12},"skip":true}]},"8":{"line":70,"type":"binary-expr","locations":[{"start":{"line":70,"column":16},"end":{"line":70,"column":22},"skip":true},{"start":{"line":70,"column":27},"end":{"line":70,"column":32},"skip":true},{"start":{"line":71,"column":20},"end":{"line":71,"column":39},"skip":true},{"start":{"line":72,"column":20},"end":{"line":72,"column":49},"skip":true},{"start":{"line":73,"column":20},"end":{"line":73,"column":58},"skip":true},{"start":{"line":74,"column":20},"end":{"line":74,"column":69},"skip":true}]},"9":{"line":79,"type":"switch","locations":[{"start":{"line":80,"column":20},"end":{"line":80,"column":33},"skip":true},{"start":{"line":81,"column":20},"end":{"line":83,"column":30},"skip":true},{"start":{"line":84,"column":20},"end":{"line":85,"column":49},"skip":true}]},"10":{"line":89,"type":"switch","locations":[{"start":{"line":90,"column":12},"end":{"line":103,"column":22},"skip":true},{"start":{"line":105,"column":12},"end":{"line":106,"column":22},"skip":true}]},"11":{"line":89,"type":"binary-expr","locations":[{"start":{"line":89,"column":20},"end":{"line":89,"column":25},"skip":true},{"start":{"line":89,"column":29},"end":{"line":89,"column":48},"skip":true},{"start":{"line":89,"column":52},"end":{"line":89,"column":74},"skip":true}]},"12":{"line":92,"type":"if","locations":[{"start":{"line":92,"column":16},"end":{"line":92,"column":16},"skip":true},{"start":{"line":92,"column":16},"end":{"line":92,"column":16},"skip":true}]},"13":{"line":108,"type":"if","locations":[{"start":{"line":108,"column":12},"end":{"line":108,"column":12},"skip":true},{"start":{"line":108,"column":12},"end":{"line":108,"column":12},"skip":true}]},"14":{"line":108,"type":"binary-expr","locations":[{"start":{"line":108,"column":16},"end":{"line":108,"column":61},"skip":true},{"start":{"line":108,"column":66},"end":{"line":108,"column":72},"skip":true},{"start":{"line":108,"column":77},"end":{"line":108,"column":82},"skip":true},{"start":{"line":109,"column":20},"end":{"line":109,"column":39},"skip":true},{"start":{"line":110,"column":20},"end":{"line":110,"column":49},"skip":true},{"start":{"line":111,"column":20},"end":{"line":111,"column":58},"skip":true},{"start":{"line":112,"column":20},"end":{"line":112,"column":68},"skip":true}]},"15":{"line":129,"type":"if","locations":[{"start":{"line":129,"column":16},"end":{"line":129,"column":16},"skip":true},{"start":{"line":129,"column":16},"end":{"line":129,"column":16},"skip":true}]},"16":{"line":134,"type":"cond-expr","locations":[{"start":{"line":135,"column":26},"end":{"line":135,"column":29},"skip":true},{"start":{"line":136,"column":26},"end":{"line":136,"column":54},"skip":true}]},"17":{"line":164,"type":"binary-expr","locations":[{"start":{"line":164,"column":27},"end":{"line":164,"column":43},"skip":true},{"start":{"line":164,"column":47},"end":{"line":164,"column":49},"skip":true}]},"18":{"line":258,"type":"if","locations":[{"start":{"line":258,"column":8},"end":{"line":258,"column":8},"skip":true},{"start":{"line":258,"column":8},"end":{"line":258,"column":8},"skip":true}]},"19":{"line":275,"type":"switch","locations":[{"start":{"line":276,"column":20},"end":{"line":277,"column":64},"skip":true},{"start":{"line":278,"column":20},"end":{"line":279,"column":40},"skip":true},{"start":{"line":280,"column":20},"end":{"line":281,"column":40},"skip":true},{"start":{"line":282,"column":20},"end":{"line":283,"column":39},"skip":true}]},"20":{"line":288,"type":"if","locations":[{"start":{"line":288,"column":8},"end":{"line":288,"column":8},"skip":true},{"start":{"line":288,"column":8},"end":{"line":288,"column":8},"skip":true}]},"21":{"line":288,"type":"binary-expr","locations":[{"start":{"line":288,"column":12},"end":{"line":288,"column":40},"skip":true},{"start":{"line":288,"column":44},"end":{"line":288,"column":67},"skip":true}]},"22":{"line":292,"type":"binary-expr","locations":[{"start":{"line":292,"column":12},"end":{"line":292,"column":50},"skip":true},{"start":{"line":293,"column":12},"end":{"line":293,"column":53},"skip":true}]},"23":{"line":297,"type":"binary-expr","locations":[{"start":{"line":297,"column":12},"end":{"line":297,"column":64},"skip":true},{"start":{"line":298,"column":12},"end":{"line":301,"column":36},"skip":true}]},"24":{"line":303,"type":"binary-expr","locations":[{"start":{"line":303,"column":43},"end":{"line":303,"column":75},"skip":true},{"start":{"line":303,"column":79},"end":{"line":303,"column":81},"skip":true}]},"25":{"line":306,"type":"if","locations":[{"start":{"line":306,"column":8},"end":{"line":306,"column":8},"skip":true},{"start":{"line":306,"column":8},"end":{"line":306,"column":8},"skip":true}]},"26":{"line":310,"type":"if","locations":[{"start":{"line":310,"column":8},"end":{"line":310,"column":8},"skip":true},{"start":{"line":310,"column":8},"end":{"line":310,"column":8},"skip":true}]},"27":{"line":313,"type":"binary-expr","locations":[{"start":{"line":313,"column":27},"end":{"line":313,"column":43},"skip":true},{"start":{"line":313,"column":47},"end":{"line":313,"column":53},"skip":true}]},"28":{"line":317,"type":"if","locations":[{"start":{"line":317,"column":12},"end":{"line":317,"column":12},"skip":true},{"start":{"line":317,"column":12},"end":{"line":317,"column":12},"skip":true}]}},"code":["/*","example.js","","quickstart example","","instruction","    1. save this script as example.js","    2. run the shell command:","        $ npm install npmtest-mustbe && PORT=8081 node example.js","    3. play with the browser-demo on http://127.0.0.1:8081","*/","","","","/* istanbul instrument in package npmtest_mustbe */","/*jslint","    bitwise: true,","    browser: true,","    maxerr: 8,","    maxlen: 96,","    node: true,","    nomen: true,","    regexp: true,","    stupid: true","*/","(function () {","    'use strict';","    var local;","","","","    // run shared js-env code - pre-init","    (function () {","        // init local","        local = {};","        // init modeJs","        local.modeJs = (function () {","            try {","                return typeof navigator.userAgent === 'string' &&","                    typeof document.querySelector('body') === 'object' &&","                    typeof XMLHttpRequest.prototype.open === 'function' &&","                    'browser';","            } catch (errorCaughtBrowser) {","                return module.exports &&","                    typeof process.versions.node === 'string' &&","                    typeof require('http').createServer === 'function' &&","                    'node';","            }","        }());","        // init global","        local.global = local.modeJs === 'browser'","            ? window","            : global;","        // init utility2_rollup","        local = local.global.utility2_rollup || (local.modeJs === 'browser'","            ? local.global.utility2_npmtest_mustbe","            : global.utility2_moduleExports);","        // export local","        local.global.local = local;","    }());","    switch (local.modeJs) {","","","","    // post-init","    // run browser js-env code - post-init","    /* istanbul ignore next */","    case 'browser':","        local.testRunBrowser = function (event) {","            if (!event || (event &&","                    event.currentTarget &&","                    event.currentTarget.className &&","                    event.currentTarget.className.includes &&","                    event.currentTarget.className.includes('onreset'))) {","                // reset output","                Array.from(","                    document.querySelectorAll('body > .resettable')","                ).forEach(function (element) {","                    switch (element.tagName) {","                    case 'INPUT':","                    case 'TEXTAREA':","                        element.value = '';","                        break;","                    default:","                        element.textContent = '';","                    }","                });","            }","            switch (event && event.currentTarget && event.currentTarget.id) {","            case 'testRunButton1':","                // show tests","                if (document.querySelector('#testReportDiv1').style.display === 'none') {","                    document.querySelector('#testReportDiv1').style.display = 'block';","                    document.querySelector('#testRunButton1').textContent =","                        'hide internal test';","                    local.modeTest = true;","                    local.testRunDefault(local);","                // hide tests","                } else {","                    document.querySelector('#testReportDiv1').style.display = 'none';","                    document.querySelector('#testRunButton1').textContent = 'run internal test';","                }","                break;","            // custom-case","            default:","                break;","            }","            if (document.querySelector('#inputTextareaEval1') && (!event || (event &&","                    event.currentTarget &&","                    event.currentTarget.className &&","                    event.currentTarget.className.includes &&","                    event.currentTarget.className.includes('oneval')))) {","                // try to eval input-code","                try {","                    /*jslint evil: true*/","                    eval(document.querySelector('#inputTextareaEval1').value);","                } catch (errorCaught) {","                    console.error(errorCaught);","                }","            }","        };","        // log stderr and stdout to #outputTextareaStdout1","        ['error', 'log'].forEach(function (key) {","            console[key + '_original'] = console[key];","            console[key] = function () {","                var element;","                console[key + '_original'].apply(console, arguments);","                element = document.querySelector('#outputTextareaStdout1');","                if (!element) {","                    return;","                }","                // append text to #outputTextareaStdout1","                element.value += Array.from(arguments).map(function (arg) {","                    return typeof arg === 'string'","                        ? arg","                        : JSON.stringify(arg, null, 4);","                }).join(' ') + '\\n';","                // scroll textarea to bottom","                element.scrollTop = element.scrollHeight;","            };","        });","        // init event-handling","        ['change', 'click', 'keyup'].forEach(function (event) {","            Array.from(document.querySelectorAll('.on' + event)).forEach(function (element) {","                element.addEventListener(event, local.testRunBrowser);","            });","        });","        // run tests","        local.testRunBrowser();","        break;","","","","    // run node js-env code - post-init","    /* istanbul ignore next */","    case 'node':","        // export local","        module.exports = local;","        // require modules","        local.fs = require('fs');","        local.http = require('http');","        local.url = require('url');","        // init assets","        local.assetsDict = local.assetsDict || {};","        /* jslint-ignore-begin */","        local.assetsDict['/assets.index.template.html'] = '\\","<!doctype html>\\n\\","<html lang=\"en\">\\n\\","<head>\\n\\","<meta charset=\"UTF-8\">\\n\\","<meta name=\"viewport\" content=\"width=device-width, initial-scale=1\">\\n\\","<title>{{env.npm_package_name}} (v{{env.npm_package_version}})</title>\\n\\","<style>\\n\\","/*csslint\\n\\","    box-sizing: false,\\n\\","    universal-selector: false\\n\\","*/\\n\\","* {\\n\\","    box-sizing: border-box;\\n\\","}\\n\\","body {\\n\\","    background: #dde;\\n\\","    font-family: Arial, Helvetica, sans-serif;\\n\\","    margin: 2rem;\\n\\","}\\n\\","body > * {\\n\\","    margin-bottom: 1rem;\\n\\","}\\n\\",".utility2FooterDiv {\\n\\","    margin-top: 20px;\\n\\","    text-align: center;\\n\\","}\\n\\","</style>\\n\\","<style>\\n\\","/*csslint\\n\\","*/\\n\\","textarea {\\n\\","    font-family: monospace;\\n\\","    height: 10rem;\\n\\","    width: 100%;\\n\\","}\\n\\","textarea[readonly] {\\n\\","    background: #ddd;\\n\\","}\\n\\","</style>\\n\\","</head>\\n\\","<body>\\n\\","<!-- utility2-comment\\n\\","<div id=\"ajaxProgressDiv1\" style=\"background: #d00; height: 2px; left: 0; margin: 0; padding: 0; position: fixed; top: 0; transition: background 0.5s, width 1.5s; width: 25%;\"></div>\\n\\","utility2-comment -->\\n\\","<h1>\\n\\","<!-- utility2-comment\\n\\","    <a\\n\\","        {{#if env.npm_package_homepage}}\\n\\","        href=\"{{env.npm_package_homepage}}\"\\n\\","        {{/if env.npm_package_homepage}}\\n\\","        target=\"_blank\"\\n\\","    >\\n\\","utility2-comment -->\\n\\","        {{env.npm_package_name}} (v{{env.npm_package_version}})\\n\\","<!-- utility2-comment\\n\\","    </a>\\n\\","utility2-comment -->\\n\\","</h1>\\n\\","<h3>{{env.npm_package_description}}</h3>\\n\\","<!-- utility2-comment\\n\\","<h4><a download href=\"assets.app.js\">download standalone app</a></h4>\\n\\","<button class=\"onclick onreset\" id=\"testRunButton1\">run internal test</button><br>\\n\\","<div id=\"testReportDiv1\" style=\"display: none;\"></div>\\n\\","utility2-comment -->\\n\\","\\n\\","\\n\\","\\n\\","<label>stderr and stdout</label>\\n\\","<textarea class=\"resettable\" id=\"outputTextareaStdout1\" readonly></textarea>\\n\\","<!-- utility2-comment\\n\\","{{#if isRollup}}\\n\\","<script src=\"assets.app.js\"></script>\\n\\","{{#unless isRollup}}\\n\\","utility2-comment -->\\n\\","<script src=\"assets.utility2.rollup.js\"></script>\\n\\","<script src=\"jsonp.utility2._stateInit?callback=window.utility2._stateInit\"></script>\\n\\","<script src=\"assets.npmtest_mustbe.rollup.js\"></script>\\n\\","<script src=\"assets.example.js\"></script>\\n\\","<script src=\"assets.test.js\"></script>\\n\\","<!-- utility2-comment\\n\\","{{/if isRollup}}\\n\\","utility2-comment -->\\n\\","<div class=\"utility2FooterDiv\">\\n\\","    [ this app was created with\\n\\","    <a href=\"https://github.com/kaizhu256/node-utility2\" target=\"_blank\">utility2</a>\\n\\","    ]\\n\\","</div>\\n\\","</body>\\n\\","</html>\\n\\","';","        /* jslint-ignore-end */","        if (local.templateRender) {","            local.assetsDict['/'] = local.templateRender(","                local.assetsDict['/assets.index.template.html'],","                {","                    env: local.objectSetDefault(local.env, {","                        npm_package_description: 'the greatest app in the world!',","                        npm_package_name: 'my-app',","                        npm_package_nameAlias: 'my_app',","                        npm_package_version: '0.0.1'","                    })","                }","            );","        } else {","            local.assetsDict['/'] = local.assetsDict['/assets.index.template.html']","                .replace((/\\{\\{env\\.(\\w+?)\\}\\}/g), function (match0, match1) {","                    // jslint-hack","                    String(match0);","                    switch (match1) {","                    case 'npm_package_description':","                        return 'the greatest app in the world!';","                    case 'npm_package_name':","                        return 'my-app';","                    case 'npm_package_nameAlias':","                        return 'my_app';","                    case 'npm_package_version':","                        return '0.0.1';","                    }","                });","        }","        // run the cli","        if (local.global.utility2_rollup || module !== require.main) {","            break;","        }","        local.assetsDict['/assets.example.js'] =","            local.assetsDict['/assets.example.js'] ||","            local.fs.readFileSync(__filename, 'utf8');","        // bug-workaround - long $npm_package_buildCustomOrg","        /* jslint-ignore-begin */","        local.assetsDict['/assets.npmtest_mustbe.rollup.js'] =","            local.assetsDict['/assets.npmtest_mustbe.rollup.js'] ||","            local.fs.readFileSync(","                local.npmtest_mustbe.__dirname + '/lib.npmtest_mustbe.js',","                'utf8'","            ).replace((/^#!/), '//');","        /* jslint-ignore-end */","        local.assetsDict['/favicon.ico'] = local.assetsDict['/favicon.ico'] || '';","        // if $npm_config_timeout_exit exists,","        // then exit this process after $npm_config_timeout_exit ms","        if (Number(process.env.npm_config_timeout_exit)) {","            setTimeout(process.exit, Number(process.env.npm_config_timeout_exit));","        }","        // start server","        if (local.global.utility2_serverHttp1) {","            break;","        }","        process.env.PORT = process.env.PORT || '8081';","        console.error('server starting on port ' + process.env.PORT);","        local.http.createServer(function (request, response) {","            request.urlParsed = local.url.parse(request.url);","            if (local.assetsDict[request.urlParsed.pathname] !== undefined) {","                response.end(local.assetsDict[request.urlParsed.pathname]);","                return;","            }","            response.statusCode = 404;","            response.end();","        }).listen(process.env.PORT);","        break;","    }","}());",""],"l":{"26":2,"28":2,"33":2,"35":2,"37":2,"38":2,"39":2,"44":1,"51":2,"55":2,"59":2,"61":2,"69":1,"70":2,"76":2,"79":2,"82":2,"83":2,"85":1,"89":2,"92":1,"93":1,"94":1,"96":1,"97":1,"100":1,"101":1,"103":1,"106":1,"108":2,"114":1,"116":1,"118":1,"123":1,"124":2,"125":2,"126":3,"127":3,"128":3,"129":3,"130":1,"133":3,"134":3,"139":3,"143":1,"144":3,"145":1,"149":1,"150":1,"158":1,"160":1,"161":1,"162":1,"164":1,"166":1,"258":1,"259":1,"271":1,"274":6,"275":6,"277":1,"279":2,"281":1,"283":2,"288":1,"289":1,"291":1,"296":1,"303":1,"306":1,"307":1,"310":1,"311":1,"313":1,"314":1,"315":1,"316":1,"317":1,"318":1,"319":1,"321":1,"322":1,"324":1}},"/home/travis/build/npmtest/node-npmtest-mustbe/node_modules/mustbe/mustbe/index.js":{"path":"/home/travis/build/npmtest/node-npmtest-mustbe/node_modules/mustbe/mustbe/index.js","s":{"1":1,"2":1,"3":1},"b":{},"f":{},"fnMap":{},"statementMap":{"1":{"start":{"line":1,"column":0},"end":{"line":1,"column":31}},"2":{"start":{"line":3,"column":0},"end":{"line":3,"column":26}},"3":{"start":{"line":5,"column":0},"end":{"line":5,"column":24}}},"branchMap":{},"code":["var MustBe = require(\"./core\");","","var mustBe = new MustBe();","","module.exports = mustBe;",""],"l":{"1":1,"3":1,"5":1}},"/home/travis/build/npmtest/node-npmtest-mustbe/node_modules/mustbe/mustbe/core.js":{"path":"/home/travis/build/npmtest/node-npmtest-mustbe/node_modules/mustbe/mustbe/core.js","s":{"1":1,"2":1,"3":1,"4":1,"5":0,"6":0,"7":0,"8":1,"9":0,"10":0,"11":1,"12":0,"13":0,"14":0,"15":0,"16":0,"17":0,"18":1},"b":{"1":[0,0]},"f":{"1":1,"2":0,"3":0,"4":0},"fnMap":{"1":{"name":"MustBe","line":7,"loc":{"start":{"line":7,"column":0},"end":{"line":7,"column":17}}},"2":{"name":"(anonymous_2)","line":13,"loc":{"start":{"line":13,"column":29},"end":{"line":13,"column":41}}},"3":{"name":"(anonymous_3)","line":19,"loc":{"start":{"line":19,"column":32},"end":{"line":19,"column":42}}},"4":{"name":"(anonymous_4)","line":24,"loc":{"start":{"line":24,"column":31},"end":{"line":24,"column":57}}}},"statementMap":{"1":{"start":{"line":1,"column":0},"end":{"line":1,"column":39}},"2":{"start":{"line":2,"column":0},"end":{"line":2,"column":45}},"3":{"start":{"line":7,"column":0},"end":{"line":8,"column":1}},"4":{"start":{"line":13,"column":0},"end":{"line":17,"column":2}},"5":{"start":{"line":14,"column":2},"end":{"line":14,"column":40}},"6":{"start":{"line":15,"column":2},"end":{"line":15,"column":19}},"7":{"start":{"line":16,"column":2},"end":{"line":16,"column":41}},"8":{"start":{"line":19,"column":0},"end":{"line":22,"column":2}},"9":{"start":{"line":20,"column":2},"end":{"line":20,"column":51}},"10":{"start":{"line":21,"column":2},"end":{"line":21,"column":22}},"11":{"start":{"line":24,"column":0},"end":{"line":32,"column":2}},"12":{"start":{"line":25,"column":2},"end":{"line":25,"column":63}},"13":{"start":{"line":26,"column":2},"end":{"line":30,"column":3}},"14":{"start":{"line":27,"column":4},"end":{"line":27,"column":71}},"15":{"start":{"line":28,"column":4},"end":{"line":28,"column":47}},"16":{"start":{"line":29,"column":4},"end":{"line":29,"column":18}},"17":{"start":{"line":31,"column":2},"end":{"line":31,"column":39}},"18":{"start":{"line":37,"column":0},"end":{"line":37,"column":24}}},"branchMap":{"1":{"line":26,"type":"if","locations":[{"start":{"line":26,"column":2},"end":{"line":26,"column":2}},{"start":{"line":26,"column":2},"end":{"line":26,"column":2}}]}},"code":["var Configurator = require(\"./config\");","var RouteHelpers = require(\"./routeHelpers\");","","// MustBe Core","// -----------","","function MustBe(){","}","","// Methods","// -------","","MustBe.prototype.configure = function(cb){","  var configurator = new Configurator();","  cb(configurator);","  this.config = configurator.getConfig();","};","","MustBe.prototype.routeHelpers = function(){","  var routeHelpers = new RouteHelpers(this.config);","  return routeHelpers;","};","","MustBe.prototype.getIdentity = function(identityTypeName){","  var IdentityType = this.config.getIdentity(identityTypeName);","  if (!IdentityType){","    var noIdErr = new Error(\"Identity Not Found, \" + identityTypeName);","    noIdErr.name = \"IdentityNotFoundException\";","    throw noIdErr;","  }","  return new IdentityType(this.config);","};","","// Exports","// -------","","module.exports = MustBe;",""],"l":{"1":1,"2":1,"7":1,"13":1,"14":0,"15":0,"16":0,"19":1,"20":0,"21":0,"24":1,"25":0,"26":0,"27":0,"28":0,"29":0,"31":0,"37":1}},"/home/travis/build/npmtest/node-npmtest-mustbe/node_modules/mustbe/mustbe/config/index.js":{"path":"/home/travis/build/npmtest/node-npmtest-mustbe/node_modules/mustbe/mustbe/config/index.js","s":{"1":1,"2":1,"3":1,"4":1,"5":1,"6":0,"7":0,"8":0,"9":0,"10":0,"11":0,"12":0,"13":0,"14":0,"15":0,"16":0,"17":0,"18":0,"19":0,"20":1,"21":0,"22":1,"23":0,"24":1,"25":0,"26":1,"27":0,"28":1,"29":0,"30":0,"31":0,"32":0,"33":0,"34":0,"35":0,"36":0,"37":0,"38":1},"b":{"1":[0,0],"2":[0,0],"3":[0,0]},"f":{"1":0,"2":0,"3":0,"4":0,"5":0,"6":0,"7":0,"8":0},"fnMap":{"1":{"name":"Configurator","line":6,"loc":{"start":{"line":6,"column":0},"end":{"line":6,"column":23}}},"2":{"name":"(anonymous_2)","line":21,"loc":{"start":{"line":21,"column":19},"end":{"line":21,"column":45}}},"3":{"name":"(anonymous_3)","line":29,"loc":{"start":{"line":29,"column":17},"end":{"line":29,"column":43}}},"4":{"name":"(anonymous_4)","line":35,"loc":{"start":{"line":35,"column":35},"end":{"line":35,"column":45}}},"5":{"name":"(anonymous_5)","line":39,"loc":{"start":{"line":39,"column":38},"end":{"line":39,"column":50}}},"6":{"name":"(anonymous_6)","line":43,"loc":{"start":{"line":43,"column":38},"end":{"line":43,"column":50}}},"7":{"name":"(anonymous_7)","line":47,"loc":{"start":{"line":47,"column":37},"end":{"line":47,"column":77}}},"8":{"name":"(anonymous_8)","line":51,"loc":{"start":{"line":51,"column":36},"end":{"line":51,"column":66}}}},"statementMap":{"1":{"start":{"line":1,"column":0},"end":{"line":1,"column":45}},"2":{"start":{"line":2,"column":0},"end":{"line":2,"column":52}},"3":{"start":{"line":3,"column":0},"end":{"line":3,"column":51}},"4":{"start":{"line":4,"column":0},"end":{"line":4,"column":38}},"5":{"start":{"line":6,"column":0},"end":{"line":33,"column":1}},"6":{"start":{"line":7,"column":2},"end":{"line":7,"column":18}},"7":{"start":{"line":8,"column":2},"end":{"line":8,"column":47}},"8":{"start":{"line":9,"column":2},"end":{"line":9,"column":58}},"9":{"start":{"line":10,"column":2},"end":{"line":10,"column":41}},"10":{"start":{"line":11,"column":2},"end":{"line":11,"column":52}},"11":{"start":{"line":12,"column":2},"end":{"line":12,"column":53}},"12":{"start":{"line":14,"column":2},"end":{"line":14,"column":36}},"13":{"start":{"line":15,"column":2},"end":{"line":32,"column":4}},"14":{"start":{"line":22,"column":6},"end":{"line":22,"column":73}},"15":{"start":{"line":23,"column":6},"end":{"line":23,"column":21}},"16":{"start":{"line":24,"column":6},"end":{"line":26,"column":7}},"17":{"start":{"line":25,"column":8},"end":{"line":25,"column":45}},"18":{"start":{"line":27,"column":6},"end":{"line":27,"column":24}},"19":{"start":{"line":30,"column":6},"end":{"line":30,"column":57}},"20":{"start":{"line":35,"column":0},"end":{"line":37,"column":2}},"21":{"start":{"line":36,"column":2},"end":{"line":36,"column":21}},"22":{"start":{"line":39,"column":0},"end":{"line":41,"column":2}},"23":{"start":{"line":40,"column":2},"end":{"line":40,"column":30}},"24":{"start":{"line":43,"column":0},"end":{"line":45,"column":2}},"25":{"start":{"line":44,"column":2},"end":{"line":44,"column":30}},"26":{"start":{"line":47,"column":0},"end":{"line":49,"column":2}},"27":{"start":{"line":48,"column":2},"end":{"line":48,"column":65}},"28":{"start":{"line":51,"column":0},"end":{"line":66,"column":2}},"29":{"start":{"line":52,"column":2},"end":{"line":55,"column":3}},"30":{"start":{"line":53,"column":4},"end":{"line":53,"column":26}},"31":{"start":{"line":54,"column":4},"end":{"line":54,"column":48}},"32":{"start":{"line":57,"column":2},"end":{"line":57,"column":21}},"33":{"start":{"line":58,"column":2},"end":{"line":63,"column":3}},"34":{"start":{"line":59,"column":4},"end":{"line":59,"column":65}},"35":{"start":{"line":61,"column":4},"end":{"line":61,"column":42}},"36":{"start":{"line":62,"column":4},"end":{"line":62,"column":69}},"37":{"start":{"line":65,"column":2},"end":{"line":65,"column":21}},"38":{"start":{"line":68,"column":0},"end":{"line":68,"column":30}}},"branchMap":{"1":{"line":24,"type":"if","locations":[{"start":{"line":24,"column":6},"end":{"line":24,"column":6}},{"start":{"line":24,"column":6},"end":{"line":24,"column":6}}]},"2":{"line":52,"type":"if","locations":[{"start":{"line":52,"column":2},"end":{"line":52,"column":2}},{"start":{"line":52,"column":2},"end":{"line":52,"column":2}}]},"3":{"line":58,"type":"if","locations":[{"start":{"line":58,"column":2},"end":{"line":58,"column":2}},{"start":{"line":58,"column":2},"end":{"line":58,"column":2}}]}},"code":["var ActivityConfig = require(\"./activities\");","var UserIdentityConfig = require(\"./user-identity\");","var RouteHelperConfig = require(\"./route-helpers\");","var Registry = require(\"../registry\");","","function Configurator(){","  var that = this;","  var defaultActivities = new ActivityConfig();","  this.activityRegistry = new Registry(defaultActivities);","  this.identityRegistry = new Registry();","  this.routeHelpersConfig = new RouteHelperConfig();","  this.userIdentityConfig = new UserIdentityConfig();","","  this.defaultIdentityType = \"user\";","  this.config = {","    routeHelpers: this.routeHelpersConfig.config,","    userIdentity: this.userIdentityConfig.config,","    validators: {},","    activities: this.activityRegistry,","    identities: this.identityRegistry,","    getActivities: function(identityTypeName){","      var activitiesConfig = that.activityRegistry.get(identityTypeName);","      var activities;","      if (activitiesConfig) {","        activities = activitiesConfig.config;","      }","      return activities;","    },","    getIdentity: function(identityTypeName){","      return that.identityRegistry.get(identityTypeName);","    }","  };","}","","Configurator.prototype.getConfig = function(){","  return this.config;","};","","Configurator.prototype.routeHelpers = function(cb){","  cb(this.routeHelpersConfig);","};","","Configurator.prototype.userIdentity = function(cb){","  cb(this.userIdentityConfig);","};","","Configurator.prototype.addIdentity = function(identityTypeName, IdentityType){","  this.identityRegistry.register(identityTypeName, IdentityType);","};","","Configurator.prototype.activities = function(identityTypeName, cb){","  if (!cb) { ","    cb = identityTypeName;","    identityTypeName = this.defaultIdentityType;","  }","","  var activityConfig;","  if (this.activityRegistry.hasValue(identityTypeName)){","    activityConfig = this.activityRegistry.get(identityTypeName);","  } else {","    activityConfig = new ActivityConfig();","    this.activityRegistry.register(identityTypeName, activityConfig);","  }","","  cb(activityConfig);","};","","module.exports = Configurator;",""],"l":{"1":1,"2":1,"3":1,"4":1,"6":1,"7":0,"8":0,"9":0,"10":0,"11":0,"12":0,"14":0,"15":0,"22":0,"23":0,"24":0,"25":0,"27":0,"30":0,"35":1,"36":0,"39":1,"40":0,"43":1,"44":0,"47":1,"48":0,"51":1,"52":0,"53":0,"54":0,"57":0,"58":0,"59":0,"61":0,"62":0,"65":0,"68":1}},"/home/travis/build/npmtest/node-npmtest-mustbe/node_modules/mustbe/mustbe/config/activities.js":{"path":"/home/travis/build/npmtest/node-npmtest-mustbe/node_modules/mustbe/mustbe/config/activities.js","s":{"1":1,"2":0,"3":1,"4":0,"5":1,"6":0,"7":1,"8":0,"9":1},"b":{},"f":{"1":0,"2":0,"3":0,"4":0},"fnMap":{"1":{"name":"Activities","line":1,"loc":{"start":{"line":1,"column":0},"end":{"line":1,"column":21}}},"2":{"name":"(anonymous_2)","line":7,"loc":{"start":{"line":7,"column":27},"end":{"line":7,"column":56}}},"3":{"name":"(anonymous_3)","line":11,"loc":{"start":{"line":11,"column":28},"end":{"line":11,"column":44}}},"4":{"name":"(anonymous_4)","line":15,"loc":{"start":{"line":15,"column":29},"end":{"line":15,"column":46}}}},"statementMap":{"1":{"start":{"line":1,"column":0},"end":{"line":5,"column":1}},"2":{"start":{"line":2,"column":2},"end":{"line":4,"column":4}},"3":{"start":{"line":7,"column":0},"end":{"line":9,"column":2}},"4":{"start":{"line":8,"column":2},"end":{"line":8,"column":47}},"5":{"start":{"line":11,"column":0},"end":{"line":13,"column":2}},"6":{"start":{"line":12,"column":2},"end":{"line":12,"column":30}},"7":{"start":{"line":15,"column":0},"end":{"line":17,"column":2}},"8":{"start":{"line":16,"column":2},"end":{"line":16,"column":32}},"9":{"start":{"line":19,"column":0},"end":{"line":19,"column":28}}},"branchMap":{},"code":["function Activities(){","  this.config = {","    validators: {}","  };","}","","Activities.prototype.can = function(activity, validator){","  this.config.validators[activity] = validator;","};","","Activities.prototype.deny = function(denier){","  this.config.denier = denier;","};","","Activities.prototype.allow = function(allower){","  this.config.allower = allower;","};","","module.exports = Activities;",""],"l":{"1":1,"2":0,"7":1,"8":0,"11":1,"12":0,"15":1,"16":0,"19":1}},"/home/travis/build/npmtest/node-npmtest-mustbe/node_modules/mustbe/mustbe/config/user-identity.js":{"path":"/home/travis/build/npmtest/node-npmtest-mustbe/node_modules/mustbe/mustbe/config/user-identity.js","s":{"1":1,"2":0,"3":1,"4":0,"5":1},"b":{},"f":{"1":0,"2":0},"fnMap":{"1":{"name":"UserIdentity","line":1,"loc":{"start":{"line":1,"column":0},"end":{"line":1,"column":23}}},"2":{"name":"(anonymous_2)","line":5,"loc":{"start":{"line":5,"column":41},"end":{"line":5,"column":53}}}},"statementMap":{"1":{"start":{"line":1,"column":0},"end":{"line":3,"column":1}},"2":{"start":{"line":2,"column":2},"end":{"line":2,"column":19}},"3":{"start":{"line":5,"column":0},"end":{"line":7,"column":2}},"4":{"start":{"line":6,"column":2},"end":{"line":6,"column":35}},"5":{"start":{"line":9,"column":0},"end":{"line":9,"column":30}}},"branchMap":{},"code":["function UserIdentity(){","  this.config = {};","}","","UserIdentity.prototype.isAuthenticated = function(cb){","  this.config.isAuthenticated = cb;","};","","module.exports = UserIdentity;",""],"l":{"1":1,"2":0,"5":1,"6":0,"9":1}},"/home/travis/build/npmtest/node-npmtest-mustbe/node_modules/mustbe/mustbe/config/route-helpers.js":{"path":"/home/travis/build/npmtest/node-npmtest-mustbe/node_modules/mustbe/mustbe/config/route-helpers.js","s":{"1":1,"2":1,"3":0,"4":0,"5":0,"6":1,"7":0,"8":1,"9":0,"10":1,"11":0,"12":1,"13":0,"14":1,"15":0,"16":0,"17":0,"18":1},"b":{},"f":{"1":0,"2":0,"3":0,"4":0,"5":0,"6":0},"fnMap":{"1":{"name":"noGetUser","line":6,"loc":{"start":{"line":6,"column":0},"end":{"line":6,"column":27}}},"2":{"name":"RouteHelpers","line":15,"loc":{"start":{"line":15,"column":0},"end":{"line":15,"column":23}}},"3":{"name":"(anonymous_3)","line":23,"loc":{"start":{"line":23,"column":33},"end":{"line":23,"column":45}}},"4":{"name":"(anonymous_4)","line":27,"loc":{"start":{"line":27,"column":42},"end":{"line":27,"column":54}}},"5":{"name":"(anonymous_5)","line":31,"loc":{"start":{"line":31,"column":39},"end":{"line":31,"column":51}}},"6":{"name":"(anonymous_6)","line":35,"loc":{"start":{"line":35,"column":39},"end":{"line":35,"column":51}}}},"statementMap":{"1":{"start":{"line":1,"column":0},"end":{"line":1,"column":46}},"2":{"start":{"line":6,"column":0},"end":{"line":10,"column":1}},"3":{"start":{"line":7,"column":2},"end":{"line":7,"column":104}},"4":{"start":{"line":8,"column":2},"end":{"line":8,"column":51}},"5":{"start":{"line":9,"column":2},"end":{"line":9,"column":21}},"6":{"start":{"line":15,"column":0},"end":{"line":21,"column":1}},"7":{"start":{"line":16,"column":2},"end":{"line":20,"column":4}},"8":{"start":{"line":23,"column":0},"end":{"line":25,"column":2}},"9":{"start":{"line":24,"column":2},"end":{"line":24,"column":27}},"10":{"start":{"line":27,"column":0},"end":{"line":29,"column":2}},"11":{"start":{"line":28,"column":2},"end":{"line":28,"column":36}},"12":{"start":{"line":31,"column":0},"end":{"line":33,"column":2}},"13":{"start":{"line":32,"column":2},"end":{"line":32,"column":33}},"14":{"start":{"line":35,"column":0},"end":{"line":39,"column":2}},"15":{"start":{"line":36,"column":2},"end":{"line":36,"column":40}},"16":{"start":{"line":37,"column":2},"end":{"line":37,"column":19}},"17":{"start":{"line":38,"column":2},"end":{"line":38,"column":53}},"18":{"start":{"line":44,"column":0},"end":{"line":44,"column":30}}},"branchMap":{},"code":["var ParameterMap = require(\"./parameter-map\");","","// Helpers","// -------","","function noGetUser(req, cb){","  var noGetUserError = new Error(\"You must specify a getUser method on the mustBe config.routeHelpers\");","  noGetUserError.name = \"NoGetUserMethodException\";","  cb(noGetUserError);","}","","// RouteHelpers","// ------------","","function RouteHelpers(){","  this.config = {","    validators: {},","    getUser: noGetUser,","    parameterMaps: {}","  };","}","","RouteHelpers.prototype.getUser = function(cb){","  this.config.getUser = cb;","};","","RouteHelpers.prototype.notAuthenticated = function(cb){","  this.config.notAuthenticated = cb;","};","","RouteHelpers.prototype.notAuthorized = function(cb){","  this.config.notAuthorized = cb;","};","","RouteHelpers.prototype.parameterMaps = function(cb){","  var parameterMap = new ParameterMap();","  cb(parameterMap);","  this.config.parameterMaps = parameterMap.getMaps();","};","","// Exports","// -------","","module.exports = RouteHelpers;",""],"l":{"1":1,"6":1,"7":0,"8":0,"9":0,"15":1,"16":0,"23":1,"24":0,"27":1,"28":0,"31":1,"32":0,"35":1,"36":0,"37":0,"38":0,"44":1}},"/home/travis/build/npmtest/node-npmtest-mustbe/node_modules/mustbe/mustbe/config/parameter-map.js":{"path":"/home/travis/build/npmtest/node-npmtest-mustbe/node_modules/mustbe/mustbe/config/parameter-map.js","s":{"1":1,"2":0,"3":1,"4":0,"5":1,"6":0,"7":1},"b":{},"f":{"1":0,"2":0,"3":0},"fnMap":{"1":{"name":"ParameterMap","line":1,"loc":{"start":{"line":1,"column":0},"end":{"line":1,"column":23}}},"2":{"name":"(anonymous_2)","line":5,"loc":{"start":{"line":5,"column":33},"end":{"line":5,"column":43}}},"3":{"name":"(anonymous_3)","line":9,"loc":{"start":{"line":9,"column":29},"end":{"line":9,"column":55}}}},"statementMap":{"1":{"start":{"line":1,"column":0},"end":{"line":3,"column":1}},"2":{"start":{"line":2,"column":2},"end":{"line":2,"column":17}},"3":{"start":{"line":5,"column":0},"end":{"line":7,"column":2}},"4":{"start":{"line":6,"column":2},"end":{"line":6,"column":19}},"5":{"start":{"line":9,"column":0},"end":{"line":11,"column":2}},"6":{"start":{"line":10,"column":2},"end":{"line":10,"column":31}},"7":{"start":{"line":13,"column":0},"end":{"line":13,"column":30}}},"branchMap":{},"code":["function ParameterMap(){","  this.maps = {};","}","","ParameterMap.prototype.getMaps = function(){","  return this.maps;","};","","ParameterMap.prototype.map = function(activity, mapper){","  this.maps[activity] = mapper;","};","","module.exports = ParameterMap;",""],"l":{"1":1,"2":0,"5":1,"6":0,"9":1,"10":0,"13":1}},"/home/travis/build/npmtest/node-npmtest-mustbe/node_modules/mustbe/mustbe/registry.js":{"path":"/home/travis/build/npmtest/node-npmtest-mustbe/node_modules/mustbe/mustbe/registry.js","s":{"1":1,"2":0,"3":0,"4":1,"5":0,"6":1,"7":0,"8":0,"9":0,"10":0,"11":0,"12":1,"13":0,"14":1},"b":{"1":[0,0]},"f":{"1":0,"2":0,"3":0,"4":0},"fnMap":{"1":{"name":"Registry","line":1,"loc":{"start":{"line":1,"column":0},"end":{"line":1,"column":31}}},"2":{"name":"(anonymous_2)","line":6,"loc":{"start":{"line":6,"column":30},"end":{"line":6,"column":51}}},"3":{"name":"(anonymous_3)","line":10,"loc":{"start":{"line":10,"column":25},"end":{"line":10,"column":39}}},"4":{"name":"(anonymous_4)","line":20,"loc":{"start":{"line":20,"column":30},"end":{"line":20,"column":44}}}},"statementMap":{"1":{"start":{"line":1,"column":0},"end":{"line":4,"column":1}},"2":{"start":{"line":2,"column":2},"end":{"line":2,"column":36}},"3":{"start":{"line":3,"column":2},"end":{"line":3,"column":37}},"4":{"start":{"line":6,"column":0},"end":{"line":8,"column":2}},"5":{"start":{"line":7,"column":2},"end":{"line":7,"column":29}},"6":{"start":{"line":10,"column":0},"end":{"line":18,"column":2}},"7":{"start":{"line":11,"column":2},"end":{"line":11,"column":12}},"8":{"start":{"line":12,"column":2},"end":{"line":16,"column":3}},"9":{"start":{"line":13,"column":4},"end":{"line":13,"column":31}},"10":{"start":{"line":15,"column":4},"end":{"line":15,"column":31}},"11":{"start":{"line":17,"column":2},"end":{"line":17,"column":15}},"12":{"start":{"line":20,"column":0},"end":{"line":22,"column":2}},"13":{"start":{"line":21,"column":2},"end":{"line":21,"column":66}},"14":{"start":{"line":24,"column":0},"end":{"line":24,"column":26}}},"branchMap":{"1":{"line":12,"type":"if","locations":[{"start":{"line":12,"column":2},"end":{"line":12,"column":2}},{"start":{"line":12,"column":2},"end":{"line":12,"column":2}}]}},"code":["function Registry(defaultValue){","  this._defaultValue = defaultValue;","  this._values = Object.create(null);","}","","Registry.prototype.register = function(name, value){","  this._values[name] = value;","};","","Registry.prototype.get = function(name){","  var value;","  if (this.hasValue(name)){","    value = this._values[name];","  } else {","    value = this._defaultValue;","  }","  return value;","};","","Registry.prototype.hasValue = function(name){","  return Object.prototype.hasOwnProperty.call(this._values, name);","};","","module.exports = Registry;",""],"l":{"1":1,"2":0,"3":0,"6":1,"7":0,"10":1,"11":0,"12":0,"13":0,"15":0,"17":0,"20":1,"21":0,"24":1}},"/home/travis/build/npmtest/node-npmtest-mustbe/node_modules/mustbe/mustbe/routeHelpers/index.js":{"path":"/home/travis/build/npmtest/node-npmtest-mustbe/node_modules/mustbe/mustbe/routeHelpers/index.js","s":{"1":1,"2":1,"3":1,"4":1,"5":0,"6":0,"7":0,"8":0,"9":0,"10":1,"11":0,"12":1,"13":0,"14":0,"15":0,"16":0,"17":1,"18":0,"19":0,"20":0,"21":0,"22":0,"23":0,"24":0,"25":0,"26":0,"27":0,"28":0,"29":0,"30":0,"31":0,"32":1,"33":0,"34":0,"35":0,"36":0,"37":1,"38":0,"39":0,"40":0,"41":0,"42":0,"43":0,"44":1,"45":0,"46":0,"47":0,"48":0,"49":0,"50":0,"51":0,"52":0,"53":0,"54":0,"55":0,"56":0,"57":0,"58":0,"59":0,"60":0,"61":0,"62":0,"63":1,"64":0,"65":0,"66":0,"67":0,"68":0,"69":0,"70":1},"b":{"1":[0,0],"2":[0,0],"3":[0,0],"4":[0,0],"5":[0,0],"6":[0,0],"7":[0,0],"8":[0,0],"9":[0,0],"10":[0,0],"11":[0,0]},"f":{"1":0,"2":0,"3":0,"4":0,"5":0,"6":0,"7":0,"8":0,"9":0,"10":0,"11":0,"12":0,"13":0,"14":0,"15":0,"16":0},"fnMap":{"1":{"name":"paramsFromRequest","line":5,"loc":{"start":{"line":5,"column":0},"end":{"line":5,"column":49}}},"2":{"name":"RouteHelpers","line":18,"loc":{"start":{"line":18,"column":0},"end":{"line":18,"column":29}}},"3":{"name":"(anonymous_3)","line":22,"loc":{"start":{"line":22,"column":39},"end":{"line":22,"column":58}}},"4":{"name":"handler","line":30,"loc":{"start":{"line":30,"column":2},"end":{"line":30,"column":34}}},"5":{"name":"(anonymous_5)","line":33,"loc":{"start":{"line":33,"column":37},"end":{"line":33,"column":56}}},"6":{"name":"(anonymous_6)","line":39,"loc":{"start":{"line":39,"column":32},"end":{"line":39,"column":53}}},"7":{"name":"(anonymous_7)","line":55,"loc":{"start":{"line":55,"column":43},"end":{"line":55,"column":90}}},"8":{"name":"(anonymous_8)","line":57,"loc":{"start":{"line":57,"column":56},"end":{"line":57,"column":81}}},"9":{"name":"(anonymous_9)","line":63,"loc":{"start":{"line":63,"column":36},"end":{"line":63,"column":65}}},"10":{"name":"(anonymous_10)","line":64,"loc":{"start":{"line":64,"column":56},"end":{"line":64,"column":81}}},"11":{"name":"(anonymous_11)","line":65,"loc":{"start":{"line":65,"column":37},"end":{"line":65,"column":56}}},"12":{"name":"(anonymous_12)","line":74,"loc":{"start":{"line":74,"column":46},"end":{"line":74,"column":90}}},"13":{"name":"(anonymous_13)","line":82,"loc":{"start":{"line":82,"column":9},"end":{"line":82,"column":33}}},"14":{"name":"(anonymous_14)","line":85,"loc":{"start":{"line":85,"column":31},"end":{"line":85,"column":54}}},"15":{"name":"(anonymous_15)","line":92,"loc":{"start":{"line":92,"column":47},"end":{"line":92,"column":68}}},"16":{"name":"(anonymous_16)","line":105,"loc":{"start":{"line":105,"column":37},"end":{"line":105,"column":71}}}},"statementMap":{"1":{"start":{"line":1,"column":0},"end":{"line":1,"column":38}},"2":{"start":{"line":2,"column":0},"end":{"line":2,"column":41}},"3":{"start":{"line":3,"column":0},"end":{"line":3,"column":57}},"4":{"start":{"line":5,"column":0},"end":{"line":12,"column":1}},"5":{"start":{"line":6,"column":2},"end":{"line":6,"column":13}},"6":{"start":{"line":7,"column":2},"end":{"line":7,"column":52}},"7":{"start":{"line":8,"column":2},"end":{"line":10,"column":3}},"8":{"start":{"line":9,"column":4},"end":{"line":9,"column":31}},"9":{"start":{"line":11,"column":2},"end":{"line":11,"column":16}},"10":{"start":{"line":18,"column":0},"end":{"line":20,"column":1}},"11":{"start":{"line":19,"column":2},"end":{"line":19,"column":23}},"12":{"start":{"line":22,"column":0},"end":{"line":53,"column":2}},"13":{"start":{"line":23,"column":2},"end":{"line":23,"column":18}},"14":{"start":{"line":24,"column":2},"end":{"line":24,"column":27}},"15":{"start":{"line":26,"column":2},"end":{"line":28,"column":3}},"16":{"start":{"line":27,"column":4},"end":{"line":27,"column":58}},"17":{"start":{"line":30,"column":2},"end":{"line":50,"column":3}},"18":{"start":{"line":31,"column":4},"end":{"line":31,"column":54}},"19":{"start":{"line":33,"column":4},"end":{"line":49,"column":7}},"20":{"start":{"line":34,"column":6},"end":{"line":34,"column":36}},"21":{"start":{"line":34,"column":17},"end":{"line":34,"column":34}},"22":{"start":{"line":36,"column":6},"end":{"line":36,"column":56}},"23":{"start":{"line":37,"column":6},"end":{"line":37,"column":56}},"24":{"start":{"line":38,"column":6},"end":{"line":38,"column":60}},"25":{"start":{"line":39,"column":6},"end":{"line":47,"column":9}},"26":{"start":{"line":40,"column":8},"end":{"line":40,"column":38}},"27":{"start":{"line":40,"column":19},"end":{"line":40,"column":36}},"28":{"start":{"line":42,"column":8},"end":{"line":46,"column":9}},"29":{"start":{"line":43,"column":10},"end":{"line":43,"column":24}},"30":{"start":{"line":45,"column":10},"end":{"line":45,"column":50}},"31":{"start":{"line":52,"column":2},"end":{"line":52,"column":17}},"32":{"start":{"line":55,"column":0},"end":{"line":61,"column":2}},"33":{"start":{"line":56,"column":2},"end":{"line":56,"column":18}},"34":{"start":{"line":57,"column":2},"end":{"line":60,"column":5}},"35":{"start":{"line":58,"column":4},"end":{"line":58,"column":62}},"36":{"start":{"line":59,"column":4},"end":{"line":59,"column":23}},"37":{"start":{"line":63,"column":0},"end":{"line":72,"column":2}},"38":{"start":{"line":64,"column":2},"end":{"line":71,"column":5}},"39":{"start":{"line":65,"column":4},"end":{"line":70,"column":7}},"40":{"start":{"line":66,"column":6},"end":{"line":66,"column":34}},"41":{"start":{"line":66,"column":17},"end":{"line":66,"column":32}},"42":{"start":{"line":68,"column":6},"end":{"line":68,"column":52}},"43":{"start":{"line":69,"column":6},"end":{"line":69,"column":25}},"44":{"start":{"line":74,"column":0},"end":{"line":103,"column":2}},"45":{"start":{"line":75,"column":2},"end":{"line":75,"column":18}},"46":{"start":{"line":76,"column":2},"end":{"line":76,"column":27}},"47":{"start":{"line":78,"column":2},"end":{"line":80,"column":3}},"48":{"start":{"line":79,"column":4},"end":{"line":79,"column":50}},"49":{"start":{"line":82,"column":2},"end":{"line":102,"column":4}},"50":{"start":{"line":83,"column":4},"end":{"line":83,"column":61}},"51":{"start":{"line":85,"column":4},"end":{"line":101,"column":7}},"52":{"start":{"line":86,"column":6},"end":{"line":86,"column":36}},"53":{"start":{"line":86,"column":17},"end":{"line":86,"column":34}},"54":{"start":{"line":88,"column":6},"end":{"line":88,"column":73}},"55":{"start":{"line":89,"column":6},"end":{"line":89,"column":52}},"56":{"start":{"line":90,"column":6},"end":{"line":90,"column":56}},"57":{"start":{"line":92,"column":6},"end":{"line":100,"column":9}},"58":{"start":{"line":93,"column":8},"end":{"line":93,"column":38}},"59":{"start":{"line":93,"column":19},"end":{"line":93,"column":36}},"60":{"start":{"line":95,"column":8},"end":{"line":99,"column":9}},"61":{"start":{"line":96,"column":10},"end":{"line":96,"column":24}},"62":{"start":{"line":98,"column":10},"end":{"line":98,"column":57}},"63":{"start":{"line":105,"column":0},"end":{"line":113,"column":2}},"64":{"start":{"line":106,"column":2},"end":{"line":106,"column":58}},"65":{"start":{"line":107,"column":2},"end":{"line":111,"column":3}},"66":{"start":{"line":108,"column":4},"end":{"line":108,"column":71}},"67":{"start":{"line":109,"column":4},"end":{"line":109,"column":47}},"68":{"start":{"line":110,"column":4},"end":{"line":110,"column":18}},"69":{"start":{"line":112,"column":2},"end":{"line":112,"column":34}},"70":{"start":{"line":115,"column":0},"end":{"line":115,"column":30}}},"branchMap":{"1":{"line":8,"type":"if","locations":[{"start":{"line":8,"column":2},"end":{"line":8,"column":2}},{"start":{"line":8,"column":2},"end":{"line":8,"column":2}}]},"2":{"line":26,"type":"if","locations":[{"start":{"line":26,"column":2},"end":{"line":26,"column":2}},{"start":{"line":26,"column":2},"end":{"line":26,"column":2}}]},"3":{"line":34,"type":"if","locations":[{"start":{"line":34,"column":6},"end":{"line":34,"column":6}},{"start":{"line":34,"column":6},"end":{"line":34,"column":6}}]},"4":{"line":40,"type":"if","locations":[{"start":{"line":40,"column":8},"end":{"line":40,"column":8}},{"start":{"line":40,"column":8},"end":{"line":40,"column":8}}]},"5":{"line":42,"type":"if","locations":[{"start":{"line":42,"column":8},"end":{"line":42,"column":8}},{"start":{"line":42,"column":8},"end":{"line":42,"column":8}}]},"6":{"line":66,"type":"if","locations":[{"start":{"line":66,"column":6},"end":{"line":66,"column":6}},{"start":{"line":66,"column":6},"end":{"line":66,"column":6}}]},"7":{"line":78,"type":"if","locations":[{"start":{"line":78,"column":2},"end":{"line":78,"column":2}},{"start":{"line":78,"column":2},"end":{"line":78,"column":2}}]},"8":{"line":86,"type":"if","locations":[{"start":{"line":86,"column":6},"end":{"line":86,"column":6}},{"start":{"line":86,"column":6},"end":{"line":86,"column":6}}]},"9":{"line":93,"type":"if","locations":[{"start":{"line":93,"column":8},"end":{"line":93,"column":8}},{"start":{"line":93,"column":8},"end":{"line":93,"
[...]
":55,"column":40}}},"16":{"name":"(anonymous_16)","line":59,"loc":{"start":{"line":59,"column":26},"end":{"line":59,"column":46}}},"17":{"name":"failure","line":64,"loc":{"start":{"line":64,"column":6},"end":{"line":64,"column":38}}},"18":{"name":"(anonymous_18)","line":68,"loc":{"start":{"line":68,"column":52},"end":{"line":68,"column":62}}},"19":{"name":"(anonymous_19)","line":73,"loc":{"start":{"line":73,"column":14},"end":{"line":73,"column":32}}},"20":{"name":"(anonymous_20)","line":79,"loc":{"start":{"line":79,"column":41},"end":{"line":79,"column":51}}}},"statementMap":{"1":{"start":{"line":1,"column":0},"end":{"line":1,"column":42}},"2":{"start":{"line":2,"column":0},"end":{"line":2,"column":36}},"3":{"start":{"line":4,"column":0},"end":{"line":85,"column":3}},"4":{"start":{"line":6,"column":2},"end":{"line":41,"column":5}},"5":{"start":{"line":7,"column":4},"end":{"line":7,"column":33}},"6":{"start":{"line":9,"column":4},"end":{"line":35,"column":7}},"7":{"start":{"line":10,"column":6},"end":{"line":10,"column":32}},"8":{"start":{"line":12,"column":6},"end":{"line":20,"column":9}},"9":{"start":{"line":13,"column":8},"end":{"line":15,"column":11}},"10":{"start":{"line":14,"column":10},"end":{"line":14,"column":42}},"11":{"start":{"line":17,"column":8},"end":{"line":19,"column":11}},"12":{"start":{"line":18,"column":10},"end":{"line":18,"column":54}},"13":{"start":{"line":22,"column":6},"end":{"line":24,"column":7}},"14":{"start":{"line":23,"column":8},"end":{"line":23,"column":47}},"15":{"start":{"line":26,"column":6},"end":{"line":29,"column":9}},"16":{"start":{"line":27,"column":8},"end":{"line":27,"column":49}},"17":{"start":{"line":28,"column":8},"end":{"line":28,"column":51}},"18":{"start":{"line":31,"column":6},"end":{"line":34,"column":9}},"19":{"start":{"line":32,"column":8},"end":{"line":32,"column":23}},"20":{"start":{"line":33,"column":8},"end":{"line":33,"column":15}},"21":{"start":{"line":37,"column":4},"end":{"line":39,"column":7}},"22":{"start":{"line":38,"column":6},"end":{"line":38,"column":65}},"23":{"start":{"line":43,"column":2},"end":{"line":83,"column":5}},"24":{"start":{"line":44,"column":4},"end":{"line":44,"column":33}},"25":{"start":{"line":46,"column":4},"end":{"line":77,"column":7}},"26":{"start":{"line":47,"column":6},"end":{"line":47,"column":32}},"27":{"start":{"line":49,"column":6},"end":{"line":62,"column":9}},"28":{"start":{"line":50,"column":8},"end":{"line":53,"column":11}},"29":{"start":{"line":51,"column":10},"end":{"line":51,"column":43}},"30":{"start":{"line":52,"column":10},"end":{"line":52,"column":50}},"31":{"start":{"line":55,"column":8},"end":{"line":57,"column":11}},"32":{"start":{"line":56,"column":10},"end":{"line":56,"column":54}},"33":{"start":{"line":59,"column":8},"end":{"line":61,"column":11}},"34":{"start":{"line":60,"column":10},"end":{"line":60,"column":69}},"35":{"start":{"line":64,"column":6},"end":{"line":66,"column":7}},"36":{"start":{"line":65,"column":8},"end":{"line":65,"column":47}},"37":{"start":{"line":68,"column":6},"end":{"line":71,"column":9}},"38":{"start":{"line":69,"column":8},"end":{"line":69,"column":49}},"39":{"start":{"line":70,"column":8},"end":{"line":70,"column":60}},"40":{"start":{"line":73,"column":6},"end":{"line":76,"column":9}},"41":{"start":{"line":74,"column":8},"end":{"line":74,"column":23}},"42":{"start":{"line":75,"column":8},"end":{"line":75,"column":15}},"43":{"start":{"line":79,"column":4},"end":{"line":81,"column":7}},"44":{"start":{"line":80,"column":6},"end":{"line":80,"column":65}}},"branchMap":{},"code":["var MustBe = require(\"../../mustbe/core\");","var helpers = require(\"../helpers\");","","describe(\"custom failure response\", function(){","","  describe(\"when not authenticated and custom failure method is provided\", function(){","    var response, req, res, next;","","    beforeEach(function(done){","      var mustBe = new MustBe();","","      mustBe.configure(function(config){","        config.routeHelpers(function(rh){","          rh.getUser(helpers.getNullUser);","        });","","        config.userIdentity(function(id){","          id.isAuthenticated(helpers.isAuthenticated);","        });","      });","","      function failure(req, res, next){","        res.redirect(301, \"http://google.com\");","      }","","      var request = helpers.setupRoute(\"/\", mustBe, function(){","        var routeHelpers = mustBe.routeHelpers();","        return routeHelpers.authenticated(failure);","      });","","      request(function(err, res){","        response = res;","        done();","      });","    });","","    it(\"should use the custom response\", function(){","      helpers.expectRedirect(response, 301, \"http://google.com\");","    });","","  });","","  describe(\"when not authorized and custom failure method is provided\", function(){","    var response, req, res, next;","","    beforeEach(function(done){","      var mustBe = new MustBe();","","      mustBe.configure(function(config){","        config.routeHelpers(function(rh){","          rh.getUser(helpers.getValidUser);","          rh.notAuthorized(helpers.notAuthorized);","        });","","        config.userIdentity(function(id){","          id.isAuthenticated(helpers.isAuthenticated);","        });","","        config.activities(function(activities){","          activities.can(\"do thing\", helpers.unauthorizedValidation);","        });","      });","","      function failure(req, res, next){","        res.redirect(301, \"http://google.com\");","      }","","      var request = helpers.setupRoute(\"/\", mustBe, function(){","        var routeHelpers = mustBe.routeHelpers();","        return routeHelpers.authorized(\"do thing\", failure);","      });","","      request(function(err, res){","        response = res;","        done();","      });","    });","","    it(\"should use the custom response\", function(){","      helpers.expectRedirect(response, 301, \"http://google.com\");","    });","","  });","","});",""],"l":{"1":2,"2":2,"4":0,"6":0,"7":0,"9":0,"10":0,"12":0,"13":0,"14":0,"17":0,"18":0,"22":1,"23":0,"26":0,"27":0,"28":0,"31":0,"32":0,"33":0,"37":0,"38":0,"43":0,"44":0,"46":0,"47":0,"49":0,"50":0,"51":0,"52":0,"55":0,"56":0,"59":0,"60":0,"64":1,"65":0,"68":0,"69":0,"70":0,"73":0,"74":0,"75":0,"79":0,"80":0}},"/home/travis/build/npmtest/node-npmtest-mustbe/node_modules/mustbe/specs/user-route-helper/user-authenticated-specs.js":{"path":"/home/travis/build/npmtest/node-npmtest-mustbe/node_modules/mustbe/specs/user-route-helper/user-authenticated-specs.js","s":{"1":2,"2":2,"3":0,"4":0,"5":0,"6":0,"7":0,"8":0,"9":0,"10":0,"11":0,"12":0,"13":0,"14":0,"15":0,"16":0,"17":0,"18":0,"19":0,"20":0,"21":0,"22":0,"23":0,"24":0,"25":0,"26":0,"27":0,"28":0,"29":0,"30":0,"31":0,"32":0,"33":0,"34":0,"35":0,"36":0,"37":0,"38":0,"39":0,"40":0,"41":0,"42":0,"43":0,"44":0,"45":0,"46":0,"47":0,"48":0,"49":0,"50":0,"51":0,"52":0,"53":0,"54":0,"55":0,"56":0,"57":0,"58":0,"59":0,"60":0,"61":0,"62":0,"63":0,"64":0,"65":0,"66":0,"67":0,"68":0,"69":0,"70":0,"71":0,"72":0},"b":{},"f":{"1":0,"2":0,"3":0,"4":0,"5":0,"6":0,"7":0,"8":0,"9":0,"10":0,"11":0,"12":0,"13":0,"14":0,"15":0,"16":0,"17":0,"18":0,"19":0,"20":0,"21":0,"22":0,"23":0,"24":0,"25":0,"26":0,"27":0,"28":0,"29":0,"30":0,"31":0,"32":0},"fnMap":{"1":{"name":"(anonymous_1)","line":4,"loc":{"start":{"line":4,"column":31},"end":{"line":4,"column":41}}},"2":{"name":"(anonymous_2)","line":6,"loc":{"start":{"line":6,"column":33},"end":{"line":6,"column":43}}},"3":{"name":"(anonymous_3)","line":9,"loc":{"start":{"line":9,"column":15},"end":{"line":9,"column":29}}},"4":{"name":"(anonymous_4)","line":12,"loc":{"start":{"line":12,"column":23},"end":{"line":12,"column":39}}},"5":{"name":"(anonymous_5)","line":13,"loc":{"start":{"line":13,"column":28},"end":{"line":13,"column":40}}},"6":{"name":"(anonymous_6)","line":17,"loc":{"start":{"line":17,"column":28},"end":{"line":17,"column":40}}},"7":{"name":"(anonymous_7)","line":23,"loc":{"start":{"line":23,"column":52},"end":{"line":23,"column":69}}},"8":{"name":"(anonymous_8)","line":27,"loc":{"start":{"line":27,"column":14},"end":{"line":27,"column":32}}},"9":{"name":"(anonymous_9)","line":33,"loc":{"start":{"line":33,"column":31},"end":{"line":33,"column":41}}},"10":{"name":"(anonymous_10)","line":39,"loc":{"start":{"line":39,"column":37},"end":{"line":39,"column":47}}},"11":{"name":"(anonymous_11)","line":42,"loc":{"start":{"line":42,"column":15},"end":{"line":42,"column":29}}},"12":{"name":"(anonymous_12)","line":45,"loc":{"start":{"line":45,"column":23},"end":{"line":45,"column":39}}},"13":{"name":"(anonymous_13)","line":46,"loc":{"start":{"line":46,"column":28},"end":{"line":46,"column":40}}},"14":{"name":"(anonymous_14)","line":50,"loc":{"start":{"line":50,"column":28},"end":{"line":50,"column":40}}},"15":{"name":"(anonymous_15)","line":56,"loc":{"start":{"line":56,"column":52},"end":{"line":56,"column":69}}},"16":{"name":"(anonymous_16)","line":60,"loc":{"start":{"line":60,"column":14},"end":{"line":60,"column":32}}},"17":{"name":"(anonymous_17)","line":66,"loc":{"start":{"line":66,"column":35},"end":{"line":66,"column":45}}},"18":{"name":"(anonymous_18)","line":72,"loc":{"start":{"line":72,"column":45},"end":{"line":72,"column":55}}},"19":{"name":"(anonymous_19)","line":75,"loc":{"start":{"line":75,"column":15},"end":{"line":75,"column":29}}},"20":{"name":"(anonymous_20)","line":78,"loc":{"start":{"line":78,"column":23},"end":{"line":78,"column":39}}},"21":{"name":"(anonymous_21)","line":79,"loc":{"start":{"line":79,"column":28},"end":{"line":79,"column":40}}},"22":{"name":"(anonymous_22)","line":80,"loc":{"start":{"line":80,"column":21},"end":{"line":80,"column":38}}},"23":{"name":"(anonymous_23)","line":88,"loc":{"start":{"line":88,"column":52},"end":{"line":88,"column":69}}},"24":{"name":"(anonymous_24)","line":92,"loc":{"start":{"line":92,"column":14},"end":{"line":92,"column":32}}},"25":{"name":"(anonymous_25)","line":98,"loc":{"start":{"line":98,"column":33},"end":{"line":98,"column":43}}},"26":{"name":"(anonymous_26)","line":104,"loc":{"start":{"line":104,"column":77},"end":{"line":104,"column":87}}},"27":{"name":"(anonymous_27)","line":107,"loc":{"start":{"line":107,"column":15},"end":{"line":107,"column":29}}},"28":{"name":"(anonymous_28)","line":110,"loc":{"start":{"line":110,"column":23},"end":{"line":110,"column":39}}},"29":{"name":"(anonymous_29)","line":111,"loc":{"start":{"line":111,"column":28},"end":{"line":111,"column":40}}},"30":{"name":"(anonymous_30)","line":117,"loc":{"start":{"line":117,"column":52},"end":{"line":117,"column":69}}},"31":{"name":"(anonymous_31)","line":121,"loc":{"start":{"line":121,"column":14},"end":{"line":121,"column":32}}},"32":{"name":"(anonymous_32)","line":127,"loc":{"start":{"line":127,"column":53},"end":{"line":127,"column":63}}}},"statementMap":{"1":{"start":{"line":1,"column":0},"end":{"line":1,"column":42}},"2":{"start":{"line":2,"column":0},"end":{"line":2,"column":36}},"3":{"start":{"line":4,"column":0},"end":{"line":135,"column":3}},"4":{"start":{"line":6,"column":2},"end":{"line":37,"column":5}},"5":{"start":{"line":7,"column":4},"end":{"line":7,"column":17}},"6":{"start":{"line":9,"column":4},"end":{"line":31,"column":7}},"7":{"start":{"line":10,"column":6},"end":{"line":10,"column":32}},"8":{"start":{"line":12,"column":6},"end":{"line":20,"column":9}},"9":{"start":{"line":13,"column":8},"end":{"line":15,"column":11}},"10":{"start":{"line":14,"column":10},"end":{"line":14,"column":43}},"11":{"start":{"line":17,"column":8},"end":{"line":19,"column":11}},"12":{"start":{"line":18,"column":10},"end":{"line":18,"column":54}},"13":{"start":{"line":22,"column":6},"end":{"line":22,"column":47}},"14":{"start":{"line":23,"column":6},"end":{"line":25,"column":9}},"15":{"start":{"line":24,"column":8},"end":{"line":24,"column":51}},"16":{"start":{"line":27,"column":6},"end":{"line":30,"column":9}},"17":{"start":{"line":28,"column":8},"end":{"line":28,"column":23}},"18":{"start":{"line":29,"column":8},"end":{"line":29,"column":15}},"19":{"start":{"line":33,"column":4},"end":{"line":35,"column":7}},"20":{"start":{"line":34,"column":6},"end":{"line":34,"column":48}},"21":{"start":{"line":39,"column":2},"end":{"line":70,"column":5}},"22":{"start":{"line":40,"column":4},"end":{"line":40,"column":17}},"23":{"start":{"line":42,"column":4},"end":{"line":64,"column":7}},"24":{"start":{"line":43,"column":6},"end":{"line":43,"column":32}},"25":{"start":{"line":45,"column":6},"end":{"line":53,"column":9}},"26":{"start":{"line":46,"column":8},"end":{"line":49,"column":11}},"27":{"start":{"line":47,"column":10},"end":{"line":47,"column":42}},"28":{"start":{"line":48,"column":10},"end":{"line":48,"column":56}},"29":{"start":{"line":50,"column":8},"end":{"line":52,"column":11}},"30":{"start":{"line":51,"column":10},"end":{"line":51,"column":54}},"31":{"start":{"line":55,"column":6},"end":{"line":55,"column":47}},"32":{"start":{"line":56,"column":6},"end":{"line":58,"column":9}},"33":{"start":{"line":57,"column":8},"end":{"line":57,"column":51}},"34":{"start":{"line":60,"column":6},"end":{"line":63,"column":9}},"35":{"start":{"line":61,"column":8},"end":{"line":61,"column":23}},"36":{"start":{"line":62,"column":8},"end":{"line":62,"column":15}},"37":{"start":{"line":66,"column":4},"end":{"line":68,"column":7}},"38":{"start":{"line":67,"column":6},"end":{"line":67,"column":48}},"39":{"start":{"line":72,"column":2},"end":{"line":102,"column":5}},"40":{"start":{"line":73,"column":4},"end":{"line":73,"column":17}},"41":{"start":{"line":75,"column":4},"end":{"line":96,"column":7}},"42":{"start":{"line":76,"column":6},"end":{"line":76,"column":32}},"43":{"start":{"line":78,"column":6},"end":{"line":85,"column":9}},"44":{"start":{"line":79,"column":8},"end":{"line":84,"column":11}},"45":{"start":{"line":80,"column":10},"end":{"line":83,"column":13}},"46":{"start":{"line":81,"column":12},"end":{"line":81,"column":46}},"47":{"start":{"line":82,"column":12},"end":{"line":82,"column":20}},"48":{"start":{"line":87,"column":6},"end":{"line":87,"column":47}},"49":{"start":{"line":88,"column":6},"end":{"line":90,"column":9}},"50":{"start":{"line":89,"column":8},"end":{"line":89,"column":51}},"51":{"start":{"line":92,"column":6},"end":{"line":95,"column":9}},"52":{"start":{"line":93,"column":8},"end":{"line":93,"column":23}},"53":{"start":{"line":94,"column":8},"end":{"line":94,"column":15}},"54":{"start":{"line":98,"column":4},"end":{"line":100,"column":7}},"55":{"start":{"line":99,"column":6},"end":{"line":99,"column":58}},"56":{"start":{"line":104,"column":2},"end":{"line":133,"column":5}},"57":{"start":{"line":105,"column":4},"end":{"line":105,"column":17}},"58":{"start":{"line":107,"column":4},"end":{"line":125,"column":7}},"59":{"start":{"line":108,"column":6},"end":{"line":108,"column":32}},"60":{"start":{"line":110,"column":6},"end":{"line":114,"column":9}},"61":{"start":{"line":111,"column":8},"end":{"line":113,"column":11}},"62":{"start":{"line":112,"column":10},"end":{"line":112,"column":50}},"63":{"start":{"line":116,"column":6},"end":{"line":116,"column":47}},"64":{"start":{"line":117,"column":6},"end":{"line":119,"column":9}},"65":{"start":{"line":118,"column":8},"end":{"line":118,"column":55}},"66":{"start":{"line":121,"column":6},"end":{"line":124,"column":9}},"67":{"start":{"line":122,"column":8},"end":{"line":122,"column":23}},"68":{"start":{"line":123,"column":8},"end":{"line":123,"column":15}},"69":{"start":{"line":127,"column":4},"end":{"line":131,"column":7}},"70":{"start":{"line":128,"column":6},"end":{"line":128,"column":47}},"71":{"start":{"line":129,"column":6},"end":{"line":129,"column":86}},"72":{"start":{"line":130,"column":6},"end":{"line":130,"column":58}}},"branchMap":{},"code":["var MustBe = require(\"../../mustbe/core\");","var helpers = require(\"../helpers\");","","describe(\"user authenticated\", function(){","","  describe(\"when user is found\", function(){","    var response;","","    beforeEach(function(done){","      var mustBe = new MustBe();","","      mustBe.configure(function(config){","        config.routeHelpers(function(rh){","          rh.getUser(helpers.getValidUser);","        });","","        config.userIdentity(function(id){","          id.isAuthenticated(helpers.isAuthenticated);","        });","      });","","      var routeHelpers = mustBe.routeHelpers();","      var request = helpers.setupRoute(\"/\", mustBe, function(handler){","        return routeHelpers.authenticated(handler);","      });","","      request(function(err, res){","        response = res;","        done();","      });","    });","","    it(\"should allow request\", function(){","      helpers.expectResponseCode(response, 200);","    });","","  });","","  describe(\"when user is not found\", function(){","    var response;","","    beforeEach(function(done){","      var mustBe = new MustBe();","","      mustBe.configure(function(config){","        config.routeHelpers(function(rh){","          rh.getUser(helpers.getNullUser);","          rh.notAuthenticated(helpers.notAuthenticated);","        });","        config.userIdentity(function(id){","          id.isAuthenticated(helpers.isAuthenticated);","        });","      });","","      var routeHelpers = mustBe.routeHelpers();","      var request = helpers.setupRoute(\"/\", mustBe, function(handler){","        return routeHelpers.authenticated(handler);","      });","","      request(function(err, res){","        response = res;","        done();","      });","    });","","    it(\"should not allow request\", function(){","      helpers.expectResponseCode(response, 403);","    });","","  });","","  describe(\"when getting user causes error\", function(){","    var response;","","    beforeEach(function(done){","      var mustBe = new MustBe();","","      mustBe.configure(function(config){","        config.routeHelpers(function(rh){","          rh.getUser(function(req, cb){","            var err = new Error(\"some error\");","            cb(err);","          });","        });","      });","","      var routeHelpers = mustBe.routeHelpers();","      var request = helpers.setupRoute(\"/\", mustBe, function(handler){","        return routeHelpers.authenticated(handler);","      });","","      request(function(err, res){","        response = res;","        done();","      });","    });","","    it(\"should throw the error\", function(){","      helpers.expectResponseError(response, \"some error\");","    });","","  });","","  describe(\"when there is not getUser method, and trying to authorize user\", function(){","    var response;","","    beforeEach(function(done){","      var mustBe = new MustBe();","","      mustBe.configure(function(config){","        config.routeHelpers(function(rh){","          rh.notAuthorized(helpers.notAuthorized);","        });","      });","","      var routeHelpers = mustBe.routeHelpers();","      var request = helpers.setupRoute(\"/\", mustBe, function(handler){","        return routeHelpers.authorized(\"foo\", handler);","      });","","      request(function(err, res){","        response = res;","        done();","      });","    });","","    it(\"should throw an user saying can't get user\", function(){","      var errType = \"NoGetUserMethodException\";","      var msg = \"You must specify a getUser method on the mustBe config.routeHelpers\"; ","      helpers.expectResponseError(response, msg, errType);","    });","","  });","","});",""],"l":{"1":2,"2":2,"4":0,"6":0,"7":0,"9":0,"10":0,"12":0,"13":0,"14":0,"17":0,"18":0,"22":0,"23":0,"24":0,"27":0,"28":0,"29":0,"33":0,"34":0,"39":0,"40":0,"42":0,"43":0,"45":0,"46":0,"47":0,"48":0,"50":0,"51":0,"55":0,"56":0,"57":0,"60":0,"61":0,"62":0,"66":0,"67":0,"72":0,"73":0,"75":0,"76":0,"78":0,"79":0,"80":0,"81":0,"82":0,"87":0,"88":0,"89":0,"92":0,"93":0,"94":0,"98":0,"99":0,"104":0,"105":0,"107":0,"108":0,"110":0,"111":0,"112":0,"116":0,"117":0,"118":0,"121":0,"122":0,"123":0,"127":0,"128":0,"129":0,"130":0}}}